CRITICAL - 2023-12-02 09:00:12 --> Class "BaseController" not found
in APPPATH\Controllers\Crud.php on line 4.
 1 SYSTEMPATH\Autoloader\Autoloader.php(312): include_once()
 2 SYSTEMPATH\Autoloader\Autoloader.php(291): CodeIgniter\Autoloader\Autoloader->includeFile('C:\\xampp\\htdocs\\crud_in_ci\\app\\Controllers\\Crud.php')
 3 SYSTEMPATH\Autoloader\Autoloader.php(269): CodeIgniter\Autoloader\Autoloader->loadInNamespace('App\\Controllers\\Crud')
 4 [internal function]: CodeIgniter\Autoloader\Autoloader->loadClass('App\\Controllers\\Crud')
 5 SYSTEMPATH\CodeIgniter.php(900): class_exists('\\App\\Controllers\\Crud', true)
 6 SYSTEMPATH\CodeIgniter.php(489): CodeIgniter\CodeIgniter->startController()
 7 SYSTEMPATH\CodeIgniter.php(361): CodeIgniter\CodeIgniter->handleRequest(null, Object(Config\Cache), false)
 8 FCPATH\index.php(79): CodeIgniter\CodeIgniter->run()
CRITICAL - 2023-12-02 09:57:36 --> Undefined property: App\Controllers\Crud::$load
in APPPATH\Controllers\Crud.php on line 8.
 1 APPPATH\Controllers\Crud.php(8): CodeIgniter\Debug\Exceptions->errorHandler(2, 'Undefined property: App\\Controllers\\Crud::$load', 'C:\\xampp\\htdocs\\crud_in_ci\\app\\Controllers\\Crud.php', 8)
 2 SYSTEMPATH\CodeIgniter.php(942): App\Controllers\Crud->index()
 3 SYSTEMPATH\CodeIgniter.php(502): CodeIgniter\CodeIgniter->runController(Object(App\Controllers\Crud))
 4 SYSTEMPATH\CodeIgniter.php(361): CodeIgniter\CodeIgniter->handleRequest(null, Object(Config\Cache), false)
 5 FCPATH\index.php(79): CodeIgniter\CodeIgniter->run()
CRITICAL - 2023-12-02 09:57:37 --> Undefined property: App\Controllers\Crud::$load
in APPPATH\Controllers\Crud.php on line 8.
 1 APPPATH\Controllers\Crud.php(8): CodeIgniter\Debug\Exceptions->errorHandler(2, 'Undefined property: App\\Controllers\\Crud::$load', 'C:\\xampp\\htdocs\\crud_in_ci\\app\\Controllers\\Crud.php', 8)
 2 SYSTEMPATH\CodeIgniter.php(942): App\Controllers\Crud->index()
 3 SYSTEMPATH\CodeIgniter.php(502): CodeIgniter\CodeIgniter->runController(Object(App\Controllers\Crud))
 4 SYSTEMPATH\CodeIgniter.php(361): CodeIgniter\CodeIgniter->handleRequest(null, Object(Config\Cache), false)
 5 FCPATH\index.php(79): CodeIgniter\CodeIgniter->run()
CRITICAL - 2023-12-02 09:58:28 --> Undefined property: App\Controllers\Crud::$load
in APPPATH\Controllers\Crud.php on line 8.
 1 APPPATH\Controllers\Crud.php(8): CodeIgniter\Debug\Exceptions->errorHandler(2, 'Undefined property: App\\Controllers\\Crud::$load', 'C:\\xampp\\htdocs\\crud_in_ci\\app\\Controllers\\Crud.php', 8)
 2 SYSTEMPATH\CodeIgniter.php(942): App\Controllers\Crud->index()
 3 SYSTEMPATH\CodeIgniter.php(502): CodeIgniter\CodeIgniter->runController(Object(App\Controllers\Crud))
 4 SYSTEMPATH\CodeIgniter.php(361): CodeIgniter\CodeIgniter->handleRequest(null, Object(Config\Cache), false)
 5 FCPATH\index.php(79): CodeIgniter\CodeIgniter->run()
CRITICAL - 2023-12-02 09:58:29 --> Undefined property: App\Controllers\Crud::$load
in APPPATH\Controllers\Crud.php on line 8.
 1 APPPATH\Controllers\Crud.php(8): CodeIgniter\Debug\Exceptions->errorHandler(2, 'Undefined property: App\\Controllers\\Crud::$load', 'C:\\xampp\\htdocs\\crud_in_ci\\app\\Controllers\\Crud.php', 8)
 2 SYSTEMPATH\CodeIgniter.php(942): App\Controllers\Crud->index()
 3 SYSTEMPATH\CodeIgniter.php(502): CodeIgniter\CodeIgniter->runController(Object(App\Controllers\Crud))
 4 SYSTEMPATH\CodeIgniter.php(361): CodeIgniter\CodeIgniter->handleRequest(null, Object(Config\Cache), false)
 5 FCPATH\index.php(79): CodeIgniter\CodeIgniter->run()
CRITICAL - 2023-12-02 10:36:59 --> syntax error, unexpected token "/", expecting "," or ";"
in APPPATH\Controllers\Crud.php on line 4.
 1 SYSTEMPATH\Autoloader\Autoloader.php(291): CodeIgniter\Autoloader\Autoloader->includeFile('C:\\xampp\\htdocs\\crud_in_ci\\app\\Controllers\\Crud.php')
 2 SYSTEMPATH\Autoloader\Autoloader.php(269): CodeIgniter\Autoloader\Autoloader->loadInNamespace('App\\Controllers\\Crud')
 3 [internal function]: CodeIgniter\Autoloader\Autoloader->loadClass('App\\Controllers\\Crud')
 4 SYSTEMPATH\CodeIgniter.php(900): class_exists('\\App\\Controllers\\Crud', true)
 5 SYSTEMPATH\CodeIgniter.php(489): CodeIgniter\CodeIgniter->startController()
 6 SYSTEMPATH\CodeIgniter.php(361): CodeIgniter\CodeIgniter->handleRequest(null, Object(Config\Cache), false)
 7 FCPATH\index.php(79): CodeIgniter\CodeIgniter->run()
CRITICAL - 2023-12-02 10:37:02 --> syntax error, unexpected token "/", expecting "," or ";"
in APPPATH\Controllers\Crud.php on line 4.
 1 SYSTEMPATH\Autoloader\Autoloader.php(291): CodeIgniter\Autoloader\Autoloader->includeFile('C:\\xampp\\htdocs\\crud_in_ci\\app\\Controllers\\Crud.php')
 2 SYSTEMPATH\Autoloader\Autoloader.php(269): CodeIgniter\Autoloader\Autoloader->loadInNamespace('App\\Controllers\\Crud')
 3 [internal function]: CodeIgniter\Autoloader\Autoloader->loadClass('App\\Controllers\\Crud')
 4 SYSTEMPATH\CodeIgniter.php(900): class_exists('\\App\\Controllers\\Crud', true)
 5 SYSTEMPATH\CodeIgniter.php(489): CodeIgniter\CodeIgniter->startController()
 6 SYSTEMPATH\CodeIgniter.php(361): CodeIgniter\CodeIgniter->handleRequest(null, Object(Config\Cache), false)
 7 FCPATH\index.php(79): CodeIgniter\CodeIgniter->run()
CRITICAL - 2023-12-02 12:00:59 --> Undefined constant "session"
in APPPATH\Views\crud.php on line 51.
 1 SYSTEMPATH\View\View.php(228): include()
 2 SYSTEMPATH\View\View.php(231): CodeIgniter\View\View->CodeIgniter\View\{closure}()
 3 SYSTEMPATH\Common.php(1190): CodeIgniter\View\View->render('crud', [], true)
 4 APPPATH\Controllers\Crud.php(11): view('crud', [...])
 5 SYSTEMPATH\CodeIgniter.php(942): App\Controllers\Crud->index()
 6 SYSTEMPATH\CodeIgniter.php(502): CodeIgniter\CodeIgniter->runController(Object(App\Controllers\Crud))
 7 SYSTEMPATH\CodeIgniter.php(361): CodeIgniter\CodeIgniter->handleRequest(null, Object(Config\Cache), false)
 8 FCPATH\index.php(79): CodeIgniter\CodeIgniter->run()
ERROR - 2023-12-02 12:19:03 --> mysqli_sql_exception: Unknown column 'students.id' in 'where clause' in C:\xampp\htdocs\crud_in_ci\system\Database\MySQLi\Connection.php:306
Stack trace:
#0 C:\xampp\htdocs\crud_in_ci\system\Database\MySQLi\Connection.php(306): mysqli->query('SELECT *\nFROM `...', 0)
#1 C:\xampp\htdocs\crud_in_ci\system\Database\BaseConnection.php(693): CodeIgniter\Database\MySQLi\Connection->execute('SELECT *\nFROM `...')
#2 C:\xampp\htdocs\crud_in_ci\system\Database\BaseConnection.php(607): CodeIgniter\Database\BaseConnection->simpleQuery('SELECT *\nFROM `...')
#3 C:\xampp\htdocs\crud_in_ci\system\Database\BaseBuilder.php(1615): CodeIgniter\Database\BaseConnection->query('SELECT *\nFROM `...', Array, false)
#4 C:\xampp\htdocs\crud_in_ci\system\Model.php(196): CodeIgniter\Database\BaseBuilder->get()
#5 C:\xampp\htdocs\crud_in_ci\system\BaseModel.php(563): CodeIgniter\Model->doFind(true, 'id')
#6 C:\xampp\htdocs\crud_in_ci\app\Controllers\Crud.php(32): CodeIgniter\BaseModel->find('id')
#7 C:\xampp\htdocs\crud_in_ci\system\CodeIgniter.php(942): App\Controllers\Crud->edit('2121141')
#8 C:\xampp\htdocs\crud_in_ci\system\CodeIgniter.php(502): CodeIgniter\CodeIgniter->runController(Object(App\Controllers\Crud))
#9 C:\xampp\htdocs\crud_in_ci\system\CodeIgniter.php(361): CodeIgniter\CodeIgniter->handleRequest(NULL, Object(Config\Cache), false)
#10 C:\xampp\htdocs\crud_in_ci\public\index.php(79): CodeIgniter\CodeIgniter->run()
#11 {main}
CRITICAL - 2023-12-02 12:19:03 --> Unknown column 'students.id' in 'where clause'
in SYSTEMPATH\Database\BaseConnection.php on line 647.
 1 SYSTEMPATH\Database\BaseBuilder.php(1615): CodeIgniter\Database\BaseConnection->query('SELECT *
FROM `students`
WHERE `students`.`id` = :students.id:', [...], false)
 2 SYSTEMPATH\Model.php(196): CodeIgniter\Database\BaseBuilder->get()
 3 SYSTEMPATH\BaseModel.php(563): CodeIgniter\Model->doFind(true, 'id')
 4 APPPATH\Controllers\Crud.php(32): CodeIgniter\BaseModel->find('id')
 5 SYSTEMPATH\CodeIgniter.php(942): App\Controllers\Crud->edit('2121141')
 6 SYSTEMPATH\CodeIgniter.php(502): CodeIgniter\CodeIgniter->runController(Object(App\Controllers\Crud))
 7 SYSTEMPATH\CodeIgniter.php(361): CodeIgniter\CodeIgniter->handleRequest(null, Object(Config\Cache), false)
 8 FCPATH\index.php(79): CodeIgniter\CodeIgniter->run()
ERROR - 2023-12-02 12:20:11 --> mysqli_sql_exception: Unknown column 'students.id' in 'where clause' in C:\xampp\htdocs\crud_in_ci\system\Database\MySQLi\Connection.php:306
Stack trace:
#0 C:\xampp\htdocs\crud_in_ci\system\Database\MySQLi\Connection.php(306): mysqli->query('SELECT *\nFROM `...', 0)
#1 C:\xampp\htdocs\crud_in_ci\system\Database\BaseConnection.php(693): CodeIgniter\Database\MySQLi\Connection->execute('SELECT *\nFROM `...')
#2 C:\xampp\htdocs\crud_in_ci\system\Database\BaseConnection.php(607): CodeIgniter\Database\BaseConnection->simpleQuery('SELECT *\nFROM `...')
#3 C:\xampp\htdocs\crud_in_ci\system\Database\BaseBuilder.php(1615): CodeIgniter\Database\BaseConnection->query('SELECT *\nFROM `...', Array, false)
#4 C:\xampp\htdocs\crud_in_ci\system\Model.php(196): CodeIgniter\Database\BaseBuilder->get()
#5 C:\xampp\htdocs\crud_in_ci\system\BaseModel.php(563): CodeIgniter\Model->doFind(true, 'id')
#6 C:\xampp\htdocs\crud_in_ci\app\Controllers\Crud.php(32): CodeIgniter\BaseModel->find('id')
#7 C:\xampp\htdocs\crud_in_ci\system\CodeIgniter.php(942): App\Controllers\Crud->edit('2121141')
#8 C:\xampp\htdocs\crud_in_ci\system\CodeIgniter.php(502): CodeIgniter\CodeIgniter->runController(Object(App\Controllers\Crud))
#9 C:\xampp\htdocs\crud_in_ci\system\CodeIgniter.php(361): CodeIgniter\CodeIgniter->handleRequest(NULL, Object(Config\Cache), false)
#10 C:\xampp\htdocs\crud_in_ci\public\index.php(79): CodeIgniter\CodeIgniter->run()
#11 {main}
CRITICAL - 2023-12-02 12:20:11 --> Unknown column 'students.id' in 'where clause'
in SYSTEMPATH\Database\BaseConnection.php on line 647.
 1 SYSTEMPATH\Database\BaseBuilder.php(1615): CodeIgniter\Database\BaseConnection->query('SELECT *
FROM `students`
WHERE `students`.`id` = :students.id:', [...], false)
 2 SYSTEMPATH\Model.php(196): CodeIgniter\Database\BaseBuilder->get()
 3 SYSTEMPATH\BaseModel.php(563): CodeIgniter\Model->doFind(true, 'id')
 4 APPPATH\Controllers\Crud.php(32): CodeIgniter\BaseModel->find('id')
 5 SYSTEMPATH\CodeIgniter.php(942): App\Controllers\Crud->edit('2121141')
 6 SYSTEMPATH\CodeIgniter.php(502): CodeIgniter\CodeIgniter->runController(Object(App\Controllers\Crud))
 7 SYSTEMPATH\CodeIgniter.php(361): CodeIgniter\CodeIgniter->handleRequest(null, Object(Config\Cache), false)
 8 FCPATH\index.php(79): CodeIgniter\CodeIgniter->run()
ERROR - 2023-12-02 12:21:35 --> mysqli_sql_exception: Unknown column 'students.id' in 'where clause' in C:\xampp\htdocs\crud_in_ci\system\Database\MySQLi\Connection.php:306
Stack trace:
#0 C:\xampp\htdocs\crud_in_ci\system\Database\MySQLi\Connection.php(306): mysqli->query('SELECT *\nFROM `...', 0)
#1 C:\xampp\htdocs\crud_in_ci\system\Database\BaseConnection.php(693): CodeIgniter\Database\MySQLi\Connection->execute('SELECT *\nFROM `...')
#2 C:\xampp\htdocs\crud_in_ci\system\Database\BaseConnection.php(607): CodeIgniter\Database\BaseConnection->simpleQuery('SELECT *\nFROM `...')
#3 C:\xampp\htdocs\crud_in_ci\system\Database\BaseBuilder.php(1615): CodeIgniter\Database\BaseConnection->query('SELECT *\nFROM `...', Array, false)
#4 C:\xampp\htdocs\crud_in_ci\system\Model.php(196): CodeIgniter\Database\BaseBuilder->get()
#5 C:\xampp\htdocs\crud_in_ci\system\BaseModel.php(563): CodeIgniter\Model->doFind(true, '2121141')
#6 C:\xampp\htdocs\crud_in_ci\app\Controllers\Crud.php(32): CodeIgniter\BaseModel->find('2121141')
#7 C:\xampp\htdocs\crud_in_ci\system\CodeIgniter.php(942): App\Controllers\Crud->edit('2121141')
#8 C:\xampp\htdocs\crud_in_ci\system\CodeIgniter.php(502): CodeIgniter\CodeIgniter->runController(Object(App\Controllers\Crud))
#9 C:\xampp\htdocs\crud_in_ci\system\CodeIgniter.php(361): CodeIgniter\CodeIgniter->handleRequest(NULL, Object(Config\Cache), false)
#10 C:\xampp\htdocs\crud_in_ci\public\index.php(79): CodeIgniter\CodeIgniter->run()
#11 {main}
CRITICAL - 2023-12-02 12:21:35 --> Unknown column 'students.id' in 'where clause'
in SYSTEMPATH\Database\BaseConnection.php on line 647.
 1 SYSTEMPATH\Database\BaseBuilder.php(1615): CodeIgniter\Database\BaseConnection->query('SELECT *
FROM `students`
WHERE `students`.`id` = :students.id:', [...], false)
 2 SYSTEMPATH\Model.php(196): CodeIgniter\Database\BaseBuilder->get()
 3 SYSTEMPATH\BaseModel.php(563): CodeIgniter\Model->doFind(true, '2121141')
 4 APPPATH\Controllers\Crud.php(32): CodeIgniter\BaseModel->find('2121141')
 5 SYSTEMPATH\CodeIgniter.php(942): App\Controllers\Crud->edit('2121141')
 6 SYSTEMPATH\CodeIgniter.php(502): CodeIgniter\CodeIgniter->runController(Object(App\Controllers\Crud))
 7 SYSTEMPATH\CodeIgniter.php(361): CodeIgniter\CodeIgniter->handleRequest(null, Object(Config\Cache), false)
 8 FCPATH\index.php(79): CodeIgniter\CodeIgniter->run()
ERROR - 2023-12-02 12:22:16 --> mysqli_sql_exception: Unknown column 'students.id' in 'where clause' in C:\xampp\htdocs\crud_in_ci\system\Database\MySQLi\Connection.php:306
Stack trace:
#0 C:\xampp\htdocs\crud_in_ci\system\Database\MySQLi\Connection.php(306): mysqli->query('SELECT *\nFROM `...', 0)
#1 C:\xampp\htdocs\crud_in_ci\system\Database\BaseConnection.php(693): CodeIgniter\Database\MySQLi\Connection->execute('SELECT *\nFROM `...')
#2 C:\xampp\htdocs\crud_in_ci\system\Database\BaseConnection.php(607): CodeIgniter\Database\BaseConnection->simpleQuery('SELECT *\nFROM `...')
#3 C:\xampp\htdocs\crud_in_ci\system\Database\BaseBuilder.php(1615): CodeIgniter\Database\BaseConnection->query('SELECT *\nFROM `...', Array, false)
#4 C:\xampp\htdocs\crud_in_ci\system\Model.php(196): CodeIgniter\Database\BaseBuilder->get()
#5 C:\xampp\htdocs\crud_in_ci\system\BaseModel.php(563): CodeIgniter\Model->doFind(true, '2121141')
#6 C:\xampp\htdocs\crud_in_ci\app\Controllers\Crud.php(32): CodeIgniter\BaseModel->find('2121141')
#7 C:\xampp\htdocs\crud_in_ci\system\CodeIgniter.php(942): App\Controllers\Crud->edit('2121141')
#8 C:\xampp\htdocs\crud_in_ci\system\CodeIgniter.php(502): CodeIgniter\CodeIgniter->runController(Object(App\Controllers\Crud))
#9 C:\xampp\htdocs\crud_in_ci\system\CodeIgniter.php(361): CodeIgniter\CodeIgniter->handleRequest(NULL, Object(Config\Cache), false)
#10 C:\xampp\htdocs\crud_in_ci\public\index.php(79): CodeIgniter\CodeIgniter->run()
#11 {main}
CRITICAL - 2023-12-02 12:22:16 --> Unknown column 'students.id' in 'where clause'
in SYSTEMPATH\Database\BaseConnection.php on line 647.
 1 SYSTEMPATH\Database\BaseBuilder.php(1615): CodeIgniter\Database\BaseConnection->query('SELECT *
FROM `students`
WHERE `students`.`id` = :students.id:', [...], false)
 2 SYSTEMPATH\Model.php(196): CodeIgniter\Database\BaseBuilder->get()
 3 SYSTEMPATH\BaseModel.php(563): CodeIgniter\Model->doFind(true, '2121141')
 4 APPPATH\Controllers\Crud.php(32): CodeIgniter\BaseModel->find('2121141')
 5 SYSTEMPATH\CodeIgniter.php(942): App\Controllers\Crud->edit('2121141')
 6 SYSTEMPATH\CodeIgniter.php(502): CodeIgniter\CodeIgniter->runController(Object(App\Controllers\Crud))
 7 SYSTEMPATH\CodeIgniter.php(361): CodeIgniter\CodeIgniter->handleRequest(null, Object(Config\Cache), false)
 8 FCPATH\index.php(79): CodeIgniter\CodeIgniter->run()
ERROR - 2023-12-02 12:23:03 --> mysqli_sql_exception: Unknown column 'students.id' in 'where clause' in C:\xampp\htdocs\crud_in_ci\system\Database\MySQLi\Connection.php:306
Stack trace:
#0 C:\xampp\htdocs\crud_in_ci\system\Database\MySQLi\Connection.php(306): mysqli->query('SELECT *\nFROM `...', 0)
#1 C:\xampp\htdocs\crud_in_ci\system\Database\BaseConnection.php(693): CodeIgniter\Database\MySQLi\Connection->execute('SELECT *\nFROM `...')
#2 C:\xampp\htdocs\crud_in_ci\system\Database\BaseConnection.php(607): CodeIgniter\Database\BaseConnection->simpleQuery('SELECT *\nFROM `...')
#3 C:\xampp\htdocs\crud_in_ci\system\Database\BaseBuilder.php(1615): CodeIgniter\Database\BaseConnection->query('SELECT *\nFROM `...', Array, false)
#4 C:\xampp\htdocs\crud_in_ci\system\Model.php(196): CodeIgniter\Database\BaseBuilder->get()
#5 C:\xampp\htdocs\crud_in_ci\system\BaseModel.php(563): CodeIgniter\Model->doFind(true, '2121141')
#6 C:\xampp\htdocs\crud_in_ci\app\Controllers\Crud.php(32): CodeIgniter\BaseModel->find('2121141')
#7 C:\xampp\htdocs\crud_in_ci\system\CodeIgniter.php(942): App\Controllers\Crud->edit('2121141')
#8 C:\xampp\htdocs\crud_in_ci\system\CodeIgniter.php(502): CodeIgniter\CodeIgniter->runController(Object(App\Controllers\Crud))
#9 C:\xampp\htdocs\crud_in_ci\system\CodeIgniter.php(361): CodeIgniter\CodeIgniter->handleRequest(NULL, Object(Config\Cache), false)
#10 C:\xampp\htdocs\crud_in_ci\public\index.php(79): CodeIgniter\CodeIgniter->run()
#11 {main}
CRITICAL - 2023-12-02 12:23:03 --> Unknown column 'students.id' in 'where clause'
in SYSTEMPATH\Database\BaseConnection.php on line 647.
 1 SYSTEMPATH\Database\BaseBuilder.php(1615): CodeIgniter\Database\BaseConnection->query('SELECT *
FROM `students`
WHERE `students`.`id` = :students.id:', [...], false)
 2 SYSTEMPATH\Model.php(196): CodeIgniter\Database\BaseBuilder->get()
 3 SYSTEMPATH\BaseModel.php(563): CodeIgniter\Model->doFind(true, '2121141')
 4 APPPATH\Controllers\Crud.php(32): CodeIgniter\BaseModel->find('2121141')
 5 SYSTEMPATH\CodeIgniter.php(942): App\Controllers\Crud->edit('2121141')
 6 SYSTEMPATH\CodeIgniter.php(502): CodeIgniter\CodeIgniter->runController(Object(App\Controllers\Crud))
 7 SYSTEMPATH\CodeIgniter.php(361): CodeIgniter\CodeIgniter->handleRequest(null, Object(Config\Cache), false)
 8 FCPATH\index.php(79): CodeIgniter\CodeIgniter->run()
ERROR - 2023-12-02 12:27:18 --> mysqli_sql_exception: Unknown column 'students.id' in 'where clause' in C:\xampp\htdocs\crud_in_ci\system\Database\MySQLi\Connection.php:306
Stack trace:
#0 C:\xampp\htdocs\crud_in_ci\system\Database\MySQLi\Connection.php(306): mysqli->query('SELECT *\nFROM `...', 0)
#1 C:\xampp\htdocs\crud_in_ci\system\Database\BaseConnection.php(693): CodeIgniter\Database\MySQLi\Connection->execute('SELECT *\nFROM `...')
#2 C:\xampp\htdocs\crud_in_ci\system\Database\BaseConnection.php(607): CodeIgniter\Database\BaseConnection->simpleQuery('SELECT *\nFROM `...')
#3 C:\xampp\htdocs\crud_in_ci\system\Database\BaseBuilder.php(1615): CodeIgniter\Database\BaseConnection->query('SELECT *\nFROM `...', Array, false)
#4 C:\xampp\htdocs\crud_in_ci\system\Model.php(196): CodeIgniter\Database\BaseBuilder->get()
#5 C:\xampp\htdocs\crud_in_ci\system\BaseModel.php(563): CodeIgniter\Model->doFind(true, '2121141')
#6 C:\xampp\htdocs\crud_in_ci\app\Controllers\Crud.php(32): CodeIgniter\BaseModel->find('2121141')
#7 C:\xampp\htdocs\crud_in_ci\system\CodeIgniter.php(942): App\Controllers\Crud->edit('2121141')
#8 C:\xampp\htdocs\crud_in_ci\system\CodeIgniter.php(502): CodeIgniter\CodeIgniter->runController(Object(App\Controllers\Crud))
#9 C:\xampp\htdocs\crud_in_ci\system\CodeIgniter.php(361): CodeIgniter\CodeIgniter->handleRequest(NULL, Object(Config\Cache), false)
#10 C:\xampp\htdocs\crud_in_ci\public\index.php(79): CodeIgniter\CodeIgniter->run()
#11 {main}
CRITICAL - 2023-12-02 12:27:18 --> Unknown column 'students.id' in 'where clause'
in SYSTEMPATH\Database\BaseConnection.php on line 647.
 1 SYSTEMPATH\Database\BaseBuilder.php(1615): CodeIgniter\Database\BaseConnection->query('SELECT *
FROM `students`
WHERE `students`.`id` = :students.id:', [...], false)
 2 SYSTEMPATH\Model.php(196): CodeIgniter\Database\BaseBuilder->get()
 3 SYSTEMPATH\BaseModel.php(563): CodeIgniter\Model->doFind(true, '2121141')
 4 APPPATH\Controllers\Crud.php(32): CodeIgniter\BaseModel->find('2121141')
 5 SYSTEMPATH\CodeIgniter.php(942): App\Controllers\Crud->edit('2121141')
 6 SYSTEMPATH\CodeIgniter.php(502): CodeIgniter\CodeIgniter->runController(Object(App\Controllers\Crud))
 7 SYSTEMPATH\CodeIgniter.php(361): CodeIgniter\CodeIgniter->handleRequest(null, Object(Config\Cache), false)
 8 FCPATH\index.php(79): CodeIgniter\CodeIgniter->run()
ERROR - 2023-12-02 12:33:37 --> mysqli_sql_exception: Unknown column 'students.id' in 'where clause' in C:\xampp\htdocs\crud_in_ci\system\Database\MySQLi\Connection.php:306
Stack trace:
#0 C:\xampp\htdocs\crud_in_ci\system\Database\MySQLi\Connection.php(306): mysqli->query('SELECT *\nFROM `...', 0)
#1 C:\xampp\htdocs\crud_in_ci\system\Database\BaseConnection.php(693): CodeIgniter\Database\MySQLi\Connection->execute('SELECT *\nFROM `...')
#2 C:\xampp\htdocs\crud_in_ci\system\Database\BaseConnection.php(607): CodeIgniter\Database\BaseConnection->simpleQuery('SELECT *\nFROM `...')
#3 C:\xampp\htdocs\crud_in_ci\system\Database\BaseBuilder.php(1615): CodeIgniter\Database\BaseConnection->query('SELECT *\nFROM `...', Array, false)
#4 C:\xampp\htdocs\crud_in_ci\system\Model.php(196): CodeIgniter\Database\BaseBuilder->get()
#5 C:\xampp\htdocs\crud_in_ci\system\BaseModel.php(563): CodeIgniter\Model->doFind(true, '2121141')
#6 C:\xampp\htdocs\crud_in_ci\app\Controllers\Crud.php(33): CodeIgniter\BaseModel->find('2121141')
#7 C:\xampp\htdocs\crud_in_ci\system\CodeIgniter.php(942): App\Controllers\Crud->edit('2121141')
#8 C:\xampp\htdocs\crud_in_ci\system\CodeIgniter.php(502): CodeIgniter\CodeIgniter->runController(Object(App\Controllers\Crud))
#9 C:\xampp\htdocs\crud_in_ci\system\CodeIgniter.php(361): CodeIgniter\CodeIgniter->handleRequest(NULL, Object(Config\Cache), false)
#10 C:\xampp\htdocs\crud_in_ci\public\index.php(79): CodeIgniter\CodeIgniter->run()
#11 {main}
CRITICAL - 2023-12-02 12:33:37 --> Unknown column 'students.id' in 'where clause'
in SYSTEMPATH\Database\BaseConnection.php on line 647.
 1 SYSTEMPATH\Database\BaseBuilder.php(1615): CodeIgniter\Database\BaseConnection->query('SELECT *
FROM `students`
WHERE `students`.`id` = :students.id:', [...], false)
 2 SYSTEMPATH\Model.php(196): CodeIgniter\Database\BaseBuilder->get()
 3 SYSTEMPATH\BaseModel.php(563): CodeIgniter\Model->doFind(true, '2121141')
 4 APPPATH\Controllers\Crud.php(33): CodeIgniter\BaseModel->find('2121141')
 5 SYSTEMPATH\CodeIgniter.php(942): App\Controllers\Crud->edit('2121141')
 6 SYSTEMPATH\CodeIgniter.php(502): CodeIgniter\CodeIgniter->runController(Object(App\Controllers\Crud))
 7 SYSTEMPATH\CodeIgniter.php(361): CodeIgniter\CodeIgniter->handleRequest(null, Object(Config\Cache), false)
 8 FCPATH\index.php(79): CodeIgniter\CodeIgniter->run()
ERROR - 2023-12-02 12:35:44 --> mysqli_sql_exception: Unknown column 'students.id' in 'where clause' in C:\xampp\htdocs\crud_in_ci\system\Database\MySQLi\Connection.php:306
Stack trace:
#0 C:\xampp\htdocs\crud_in_ci\system\Database\MySQLi\Connection.php(306): mysqli->query('SELECT *\nFROM `...', 0)
#1 C:\xampp\htdocs\crud_in_ci\system\Database\BaseConnection.php(693): CodeIgniter\Database\MySQLi\Connection->execute('SELECT *\nFROM `...')
#2 C:\xampp\htdocs\crud_in_ci\system\Database\BaseConnection.php(607): CodeIgniter\Database\BaseConnection->simpleQuery('SELECT *\nFROM `...')
#3 C:\xampp\htdocs\crud_in_ci\system\Database\BaseBuilder.php(1615): CodeIgniter\Database\BaseConnection->query('SELECT *\nFROM `...', Array, false)
#4 C:\xampp\htdocs\crud_in_ci\system\Model.php(196): CodeIgniter\Database\BaseBuilder->get()
#5 C:\xampp\htdocs\crud_in_ci\system\BaseModel.php(563): CodeIgniter\Model->doFind(true, '2121141')
#6 C:\xampp\htdocs\crud_in_ci\app\Controllers\Crud.php(33): CodeIgniter\BaseModel->find('2121141')
#7 C:\xampp\htdocs\crud_in_ci\system\CodeIgniter.php(942): App\Controllers\Crud->edit('2121141')
#8 C:\xampp\htdocs\crud_in_ci\system\CodeIgniter.php(502): CodeIgniter\CodeIgniter->runController(Object(App\Controllers\Crud))
#9 C:\xampp\htdocs\crud_in_ci\system\CodeIgniter.php(361): CodeIgniter\CodeIgniter->handleRequest(NULL, Object(Config\Cache), false)
#10 C:\xampp\htdocs\crud_in_ci\public\index.php(79): CodeIgniter\CodeIgniter->run()
#11 {main}
CRITICAL - 2023-12-02 12:35:44 --> Unknown column 'students.id' in 'where clause'
in SYSTEMPATH\Database\BaseConnection.php on line 647.
 1 SYSTEMPATH\Database\BaseBuilder.php(1615): CodeIgniter\Database\BaseConnection->query('SELECT *
FROM `students`
WHERE `students`.`id` = :students.id:', [...], false)
 2 SYSTEMPATH\Model.php(196): CodeIgniter\Database\BaseBuilder->get()
 3 SYSTEMPATH\BaseModel.php(563): CodeIgniter\Model->doFind(true, '2121141')
 4 APPPATH\Controllers\Crud.php(33): CodeIgniter\BaseModel->find('2121141')
 5 SYSTEMPATH\CodeIgniter.php(942): App\Controllers\Crud->edit('2121141')
 6 SYSTEMPATH\CodeIgniter.php(502): CodeIgniter\CodeIgniter->runController(Object(App\Controllers\Crud))
 7 SYSTEMPATH\CodeIgniter.php(361): CodeIgniter\CodeIgniter->handleRequest(null, Object(Config\Cache), false)
 8 FCPATH\index.php(79): CodeIgniter\CodeIgniter->run()
ERROR - 2023-12-02 12:36:31 --> mysqli_sql_exception: Unknown column 'students.id' in 'where clause' in C:\xampp\htdocs\crud_in_ci\system\Database\MySQLi\Connection.php:306
Stack trace:
#0 C:\xampp\htdocs\crud_in_ci\system\Database\MySQLi\Connection.php(306): mysqli->query('SELECT *\nFROM `...', 0)
#1 C:\xampp\htdocs\crud_in_ci\system\Database\BaseConnection.php(693): CodeIgniter\Database\MySQLi\Connection->execute('SELECT *\nFROM `...')
#2 C:\xampp\htdocs\crud_in_ci\system\Database\BaseConnection.php(607): CodeIgniter\Database\BaseConnection->simpleQuery('SELECT *\nFROM `...')
#3 C:\xampp\htdocs\crud_in_ci\system\Database\BaseBuilder.php(1615): CodeIgniter\Database\BaseConnection->query('SELECT *\nFROM `...', Array, false)
#4 C:\xampp\htdocs\crud_in_ci\system\Model.php(196): CodeIgniter\Database\BaseBuilder->get()
#5 C:\xampp\htdocs\crud_in_ci\system\BaseModel.php(563): CodeIgniter\Model->doFind(true, '2121141')
#6 C:\xampp\htdocs\crud_in_ci\app\Controllers\Crud.php(33): CodeIgniter\BaseModel->find('2121141')
#7 C:\xampp\htdocs\crud_in_ci\system\CodeIgniter.php(942): App\Controllers\Crud->edit('2121141')
#8 C:\xampp\htdocs\crud_in_ci\system\CodeIgniter.php(502): CodeIgniter\CodeIgniter->runController(Object(App\Controllers\Crud))
#9 C:\xampp\htdocs\crud_in_ci\system\CodeIgniter.php(361): CodeIgniter\CodeIgniter->handleRequest(NULL, Object(Config\Cache), false)
#10 C:\xampp\htdocs\crud_in_ci\public\index.php(79): CodeIgniter\CodeIgniter->run()
#11 {main}
CRITICAL - 2023-12-02 12:36:31 --> Unknown column 'students.id' in 'where clause'
in SYSTEMPATH\Database\BaseConnection.php on line 647.
 1 SYSTEMPATH\Database\BaseBuilder.php(1615): CodeIgniter\Database\BaseConnection->query('SELECT *
FROM `students`
WHERE `students`.`id` = :students.id:', [...], false)
 2 SYSTEMPATH\Model.php(196): CodeIgniter\Database\BaseBuilder->get()
 3 SYSTEMPATH\BaseModel.php(563): CodeIgniter\Model->doFind(true, '2121141')
 4 APPPATH\Controllers\Crud.php(33): CodeIgniter\BaseModel->find('2121141')
 5 SYSTEMPATH\CodeIgniter.php(942): App\Controllers\Crud->edit('2121141')
 6 SYSTEMPATH\CodeIgniter.php(502): CodeIgniter\CodeIgniter->runController(Object(App\Controllers\Crud))
 7 SYSTEMPATH\CodeIgniter.php(361): CodeIgniter\CodeIgniter->handleRequest(null, Object(Config\Cache), false)
 8 FCPATH\index.php(79): CodeIgniter\CodeIgniter->run()
CRITICAL - 2023-12-02 12:42:32 --> Undefined constant "student"
in APPPATH\Views\edit.php on line 18.
 1 SYSTEMPATH\View\View.php(228): include()
 2 SYSTEMPATH\View\View.php(231): CodeIgniter\View\View->CodeIgniter\View\{closure}()
 3 SYSTEMPATH\Common.php(1190): CodeIgniter\View\View->render('edit', [], true)
 4 APPPATH\Controllers\Crud.php(34): view('edit', [...])
 5 SYSTEMPATH\CodeIgniter.php(942): App\Controllers\Crud->edit('2121141')
 6 SYSTEMPATH\CodeIgniter.php(502): CodeIgniter\CodeIgniter->runController(Object(App\Controllers\Crud))
 7 SYSTEMPATH\CodeIgniter.php(361): CodeIgniter\CodeIgniter->handleRequest(null, Object(Config\Cache), false)
 8 FCPATH\index.php(79): CodeIgniter\CodeIgniter->run()
CRITICAL - 2023-12-02 13:01:27 --> Undefined array key "id"
in APPPATH\Views\edit.php on line 15.
 1 APPPATH\Views\edit.php(15): CodeIgniter\Debug\Exceptions->errorHandler(2, 'Undefined array key "id"', 'C:\\xampp\\htdocs\\crud_in_ci\\app\\Views\\edit.php', 15)
 2 SYSTEMPATH\View\View.php(228): include('C:\\xampp\\htdocs\\crud_in_ci\\app\\Views\\edit.php')
 3 SYSTEMPATH\View\View.php(231): CodeIgniter\View\View->CodeIgniter\View\{closure}()
 4 SYSTEMPATH\Common.php(1190): CodeIgniter\View\View->render('edit', [], true)
 5 APPPATH\Controllers\Crud.php(34): view('edit', [...])
 6 SYSTEMPATH\CodeIgniter.php(942): App\Controllers\Crud->edit('2121150')
 7 SYSTEMPATH\CodeIgniter.php(502): CodeIgniter\CodeIgniter->runController(Object(App\Controllers\Crud))
 8 SYSTEMPATH\CodeIgniter.php(361): CodeIgniter\CodeIgniter->handleRequest(null, Object(Config\Cache), false)
 9 FCPATH\index.php(79): CodeIgniter\CodeIgniter->run()
CRITICAL - 2023-12-02 13:01:31 --> Undefined array key "id"
in APPPATH\Views\edit.php on line 15.
 1 APPPATH\Views\edit.php(15): CodeIgniter\Debug\Exceptions->errorHandler(2, 'Undefined array key "id"', 'C:\\xampp\\htdocs\\crud_in_ci\\app\\Views\\edit.php', 15)
 2 SYSTEMPATH\View\View.php(228): include('C:\\xampp\\htdocs\\crud_in_ci\\app\\Views\\edit.php')
 3 SYSTEMPATH\View\View.php(231): CodeIgniter\View\View->CodeIgniter\View\{closure}()
 4 SYSTEMPATH\Common.php(1190): CodeIgniter\View\View->render('edit', [], true)
 5 APPPATH\Controllers\Crud.php(34): view('edit', [...])
 6 SYSTEMPATH\CodeIgniter.php(942): App\Controllers\Crud->edit('2121141')
 7 SYSTEMPATH\CodeIgniter.php(502): CodeIgniter\CodeIgniter->runController(Object(App\Controllers\Crud))
 8 SYSTEMPATH\CodeIgniter.php(361): CodeIgniter\CodeIgniter->handleRequest(null, Object(Config\Cache), false)
 9 FCPATH\index.php(79): CodeIgniter\CodeIgniter->run()
ERROR - 2023-12-02 13:04:44 --> mysqli_sql_exception: Unknown column 'students.id' in 'where clause' in C:\xampp\htdocs\crud_in_ci\system\Database\MySQLi\Connection.php:306
Stack trace:
#0 C:\xampp\htdocs\crud_in_ci\system\Database\MySQLi\Connection.php(306): mysqli->query('UPDATE `student...', 0)
#1 C:\xampp\htdocs\crud_in_ci\system\Database\BaseConnection.php(693): CodeIgniter\Database\MySQLi\Connection->execute('UPDATE `student...')
#2 C:\xampp\htdocs\crud_in_ci\system\Database\BaseConnection.php(607): CodeIgniter\Database\BaseConnection->simpleQuery('UPDATE `student...')
#3 C:\xampp\htdocs\crud_in_ci\system\Database\BaseBuilder.php(2475): CodeIgniter\Database\BaseConnection->query('UPDATE `student...', Array, false)
#4 C:\xampp\htdocs\crud_in_ci\system\Model.php(385): CodeIgniter\Database\BaseBuilder->update()
#5 C:\xampp\htdocs\crud_in_ci\system\BaseModel.php(949): CodeIgniter\Model->doUpdate(Array, Array)
#6 C:\xampp\htdocs\crud_in_ci\system\Model.php(776): CodeIgniter\BaseModel->update(Array, Array)
#7 C:\xampp\htdocs\crud_in_ci\app\Controllers\Crud.php(44): CodeIgniter\Model->update('2121145', Array)
#8 C:\xampp\htdocs\crud_in_ci\system\CodeIgniter.php(942): App\Controllers\Crud->update('2121145')
#9 C:\xampp\htdocs\crud_in_ci\system\CodeIgniter.php(502): CodeIgniter\CodeIgniter->runController(Object(App\Controllers\Crud))
#10 C:\xampp\htdocs\crud_in_ci\system\CodeIgniter.php(361): CodeIgniter\CodeIgniter->handleRequest(NULL, Object(Config\Cache), false)
#11 C:\xampp\htdocs\crud_in_ci\public\index.php(79): CodeIgniter\CodeIgniter->run()
#12 {main}
CRITICAL - 2023-12-02 13:04:44 --> Unknown column 'students.id' in 'where clause'
in SYSTEMPATH\Database\BaseConnection.php on line 647.
 1 SYSTEMPATH\Database\BaseBuilder.php(2475): CodeIgniter\Database\BaseConnection->query('UPDATE `students` SET `urn` = :urn:, `name` = :name:, `branch` = :branch:
WHERE `students`.`id` IN :students.id:', [...], false)
 2 SYSTEMPATH\Model.php(385): CodeIgniter\Database\BaseBuilder->update()
 3 SYSTEMPATH\BaseModel.php(949): CodeIgniter\Model->doUpdate([...], [...])
 4 SYSTEMPATH\Model.php(776): CodeIgniter\BaseModel->update([...], [...])
 5 APPPATH\Controllers\Crud.php(44): CodeIgniter\Model->update('2121145', [...])
 6 SYSTEMPATH\CodeIgniter.php(942): App\Controllers\Crud->update('2121145')
 7 SYSTEMPATH\CodeIgniter.php(502): CodeIgniter\CodeIgniter->runController(Object(App\Controllers\Crud))
 8 SYSTEMPATH\CodeIgniter.php(361): CodeIgniter\CodeIgniter->handleRequest(null, Object(Config\Cache), false)
 9 FCPATH\index.php(79): CodeIgniter\CodeIgniter->run()
ERROR - 2023-12-02 13:08:35 --> mysqli_sql_exception: Unknown column 'students.id' in 'where clause' in C:\xampp\htdocs\crud_in_ci\system\Database\MySQLi\Connection.php:306
Stack trace:
#0 C:\xampp\htdocs\crud_in_ci\system\Database\MySQLi\Connection.php(306): mysqli->query('UPDATE `student...', 0)
#1 C:\xampp\htdocs\crud_in_ci\system\Database\BaseConnection.php(693): CodeIgniter\Database\MySQLi\Connection->execute('UPDATE `student...')
#2 C:\xampp\htdocs\crud_in_ci\system\Database\BaseConnection.php(607): CodeIgniter\Database\BaseConnection->simpleQuery('UPDATE `student...')
#3 C:\xampp\htdocs\crud_in_ci\system\Database\BaseBuilder.php(2475): CodeIgniter\Database\BaseConnection->query('UPDATE `student...', Array, false)
#4 C:\xampp\htdocs\crud_in_ci\system\Model.php(385): CodeIgniter\Database\BaseBuilder->update()
#5 C:\xampp\htdocs\crud_in_ci\system\BaseModel.php(949): CodeIgniter\Model->doUpdate(Array, Array)
#6 C:\xampp\htdocs\crud_in_ci\system\Model.php(776): CodeIgniter\BaseModel->update(Array, Array)
#7 C:\xampp\htdocs\crud_in_ci\app\Controllers\Crud.php(44): CodeIgniter\Model->update('2121145', Array)
#8 C:\xampp\htdocs\crud_in_ci\system\CodeIgniter.php(942): App\Controllers\Crud->update('2121145')
#9 C:\xampp\htdocs\crud_in_ci\system\CodeIgniter.php(502): CodeIgniter\CodeIgniter->runController(Object(App\Controllers\Crud))
#10 C:\xampp\htdocs\crud_in_ci\system\CodeIgniter.php(361): CodeIgniter\CodeIgniter->handleRequest(NULL, Object(Config\Cache), false)
#11 C:\xampp\htdocs\crud_in_ci\public\index.php(79): CodeIgniter\CodeIgniter->run()
#12 {main}
CRITICAL - 2023-12-02 13:08:35 --> Unknown column 'students.id' in 'where clause'
in SYSTEMPATH\Database\BaseConnection.php on line 647.
 1 SYSTEMPATH\Database\BaseBuilder.php(2475): CodeIgniter\Database\BaseConnection->query('UPDATE `students` SET `urn` = :urn:, `name` = :name:, `branch` = :branch:
WHERE `students`.`id` IN :students.id:', [...], false)
 2 SYSTEMPATH\Model.php(385): CodeIgniter\Database\BaseBuilder->update()
 3 SYSTEMPATH\BaseModel.php(949): CodeIgniter\Model->doUpdate([...], [...])
 4 SYSTEMPATH\Model.php(776): CodeIgniter\BaseModel->update([...], [...])
 5 APPPATH\Controllers\Crud.php(44): CodeIgniter\Model->update('2121145', [...])
 6 SYSTEMPATH\CodeIgniter.php(942): App\Controllers\Crud->update('2121145')
 7 SYSTEMPATH\CodeIgniter.php(502): CodeIgniter\CodeIgniter->runController(Object(App\Controllers\Crud))
 8 SYSTEMPATH\CodeIgniter.php(361): CodeIgniter\CodeIgniter->handleRequest(null, Object(Config\Cache), false)
 9 FCPATH\index.php(79): CodeIgniter\CodeIgniter->run()
ERROR - 2023-12-02 13:09:33 --> mysqli_sql_exception: Unknown column 'students.id' in 'where clause' in C:\xampp\htdocs\crud_in_ci\system\Database\MySQLi\Connection.php:306
Stack trace:
#0 C:\xampp\htdocs\crud_in_ci\system\Database\MySQLi\Connection.php(306): mysqli->query('UPDATE `student...', 0)
#1 C:\xampp\htdocs\crud_in_ci\system\Database\BaseConnection.php(693): CodeIgniter\Database\MySQLi\Connection->execute('UPDATE `student...')
#2 C:\xampp\htdocs\crud_in_ci\system\Database\BaseConnection.php(607): CodeIgniter\Database\BaseConnection->simpleQuery('UPDATE `student...')
#3 C:\xampp\htdocs\crud_in_ci\system\Database\BaseBuilder.php(2475): CodeIgniter\Database\BaseConnection->query('UPDATE `student...', Array, false)
#4 C:\xampp\htdocs\crud_in_ci\system\Model.php(385): CodeIgniter\Database\BaseBuilder->update()
#5 C:\xampp\htdocs\crud_in_ci\system\BaseModel.php(949): CodeIgniter\Model->doUpdate(Array, Array)
#6 C:\xampp\htdocs\crud_in_ci\system\Model.php(776): CodeIgniter\BaseModel->update(Array, Array)
#7 C:\xampp\htdocs\crud_in_ci\app\Controllers\Crud.php(44): CodeIgniter\Model->update('2121145', Array)
#8 C:\xampp\htdocs\crud_in_ci\system\CodeIgniter.php(942): App\Controllers\Crud->update('2121145')
#9 C:\xampp\htdocs\crud_in_ci\system\CodeIgniter.php(502): CodeIgniter\CodeIgniter->runController(Object(App\Controllers\Crud))
#10 C:\xampp\htdocs\crud_in_ci\system\CodeIgniter.php(361): CodeIgniter\CodeIgniter->handleRequest(NULL, Object(Config\Cache), false)
#11 C:\xampp\htdocs\crud_in_ci\public\index.php(79): CodeIgniter\CodeIgniter->run()
#12 {main}
CRITICAL - 2023-12-02 13:09:33 --> Unknown column 'students.id' in 'where clause'
in SYSTEMPATH\Database\BaseConnection.php on line 647.
 1 SYSTEMPATH\Database\BaseBuilder.php(2475): CodeIgniter\Database\BaseConnection->query('UPDATE `students` SET `urn` = :urn:, `name` = :name:, `branch` = :branch:
WHERE `students`.`id` IN :students.id:', [...], false)
 2 SYSTEMPATH\Model.php(385): CodeIgniter\Database\BaseBuilder->update()
 3 SYSTEMPATH\BaseModel.php(949): CodeIgniter\Model->doUpdate([...], [...])
 4 SYSTEMPATH\Model.php(776): CodeIgniter\BaseModel->update([...], [...])
 5 APPPATH\Controllers\Crud.php(44): CodeIgniter\Model->update('2121145', [...])
 6 SYSTEMPATH\CodeIgniter.php(942): App\Controllers\Crud->update('2121145')
 7 SYSTEMPATH\CodeIgniter.php(502): CodeIgniter\CodeIgniter->runController(Object(App\Controllers\Crud))
 8 SYSTEMPATH\CodeIgniter.php(361): CodeIgniter\CodeIgniter->handleRequest(null, Object(Config\Cache), false)
 9 FCPATH\index.php(79): CodeIgniter\CodeIgniter->run()
CRITICAL - 2023-12-02 13:12:03 --> Call to undefined method CodeIgniter\HTTP\IncomingRequest::getPut()
in APPPATH\Controllers\Crud.php on line 40.
 1 SYSTEMPATH\CodeIgniter.php(942): App\Controllers\Crud->update('2121145')
 2 SYSTEMPATH\CodeIgniter.php(502): CodeIgniter\CodeIgniter->runController(Object(App\Controllers\Crud))
 3 SYSTEMPATH\CodeIgniter.php(361): CodeIgniter\CodeIgniter->handleRequest(null, Object(Config\Cache), false)
 4 FCPATH\index.php(79): CodeIgniter\CodeIgniter->run()
ERROR - 2023-12-02 13:13:11 --> mysqli_sql_exception: Unknown column 'students.id' in 'where clause' in C:\xampp\htdocs\crud_in_ci\system\Database\MySQLi\Connection.php:306
Stack trace:
#0 C:\xampp\htdocs\crud_in_ci\system\Database\MySQLi\Connection.php(306): mysqli->query('UPDATE `student...', 0)
#1 C:\xampp\htdocs\crud_in_ci\system\Database\BaseConnection.php(693): CodeIgniter\Database\MySQLi\Connection->execute('UPDATE `student...')
#2 C:\xampp\htdocs\crud_in_ci\system\Database\BaseConnection.php(607): CodeIgniter\Database\BaseConnection->simpleQuery('UPDATE `student...')
#3 C:\xampp\htdocs\crud_in_ci\system\Database\BaseBuilder.php(2475): CodeIgniter\Database\BaseConnection->query('UPDATE `student...', Array, false)
#4 C:\xampp\htdocs\crud_in_ci\system\Model.php(385): CodeIgniter\Database\BaseBuilder->update()
#5 C:\xampp\htdocs\crud_in_ci\system\BaseModel.php(949): CodeIgniter\Model->doUpdate(Array, Array)
#6 C:\xampp\htdocs\crud_in_ci\system\Model.php(776): CodeIgniter\BaseModel->update(Array, Array)
#7 C:\xampp\htdocs\crud_in_ci\app\Controllers\Crud.php(44): CodeIgniter\Model->update('2121145', Array)
#8 C:\xampp\htdocs\crud_in_ci\system\CodeIgniter.php(942): App\Controllers\Crud->update('2121145')
#9 C:\xampp\htdocs\crud_in_ci\system\CodeIgniter.php(502): CodeIgniter\CodeIgniter->runController(Object(App\Controllers\Crud))
#10 C:\xampp\htdocs\crud_in_ci\system\CodeIgniter.php(361): CodeIgniter\CodeIgniter->handleRequest(NULL, Object(Config\Cache), false)
#11 C:\xampp\htdocs\crud_in_ci\public\index.php(79): CodeIgniter\CodeIgniter->run()
#12 {main}
CRITICAL - 2023-12-02 13:13:11 --> Unknown column 'students.id' in 'where clause'
in SYSTEMPATH\Database\BaseConnection.php on line 647.
 1 SYSTEMPATH\Database\BaseBuilder.php(2475): CodeIgniter\Database\BaseConnection->query('UPDATE `students` SET `urn` = :urn:, `name` = :name:, `branch` = :branch:
WHERE `students`.`id` IN :students.id:', [...], false)
 2 SYSTEMPATH\Model.php(385): CodeIgniter\Database\BaseBuilder->update()
 3 SYSTEMPATH\BaseModel.php(949): CodeIgniter\Model->doUpdate([...], [...])
 4 SYSTEMPATH\Model.php(776): CodeIgniter\BaseModel->update([...], [...])
 5 APPPATH\Controllers\Crud.php(44): CodeIgniter\Model->update('2121145', [...])
 6 SYSTEMPATH\CodeIgniter.php(942): App\Controllers\Crud->update('2121145')
 7 SYSTEMPATH\CodeIgniter.php(502): CodeIgniter\CodeIgniter->runController(Object(App\Controllers\Crud))
 8 SYSTEMPATH\CodeIgniter.php(361): CodeIgniter\CodeIgniter->handleRequest(null, Object(Config\Cache), false)
 9 FCPATH\index.php(79): CodeIgniter\CodeIgniter->run()
ERROR - 2023-12-02 13:20:05 --> mysqli_sql_exception: Unknown column 'students.id' in 'where clause' in C:\xampp\htdocs\crud_in_ci\system\Database\MySQLi\Connection.php:306
Stack trace:
#0 C:\xampp\htdocs\crud_in_ci\system\Database\MySQLi\Connection.php(306): mysqli->query('UPDATE `student...', 0)
#1 C:\xampp\htdocs\crud_in_ci\system\Database\BaseConnection.php(693): CodeIgniter\Database\MySQLi\Connection->execute('UPDATE `student...')
#2 C:\xampp\htdocs\crud_in_ci\system\Database\BaseConnection.php(607): CodeIgniter\Database\BaseConnection->simpleQuery('UPDATE `student...')
#3 C:\xampp\htdocs\crud_in_ci\system\Database\BaseBuilder.php(2475): CodeIgniter\Database\BaseConnection->query('UPDATE `student...', Array, false)
#4 C:\xampp\htdocs\crud_in_ci\system\Model.php(385): CodeIgniter\Database\BaseBuilder->update()
#5 C:\xampp\htdocs\crud_in_ci\system\BaseModel.php(949): CodeIgniter\Model->doUpdate(Array, Array)
#6 C:\xampp\htdocs\crud_in_ci\system\Model.php(776): CodeIgniter\BaseModel->update(Array, Array)
#7 C:\xampp\htdocs\crud_in_ci\app\Controllers\Crud.php(44): CodeIgniter\Model->update('2121141', Array)
#8 C:\xampp\htdocs\crud_in_ci\system\CodeIgniter.php(942): App\Controllers\Crud->update('2121141')
#9 C:\xampp\htdocs\crud_in_ci\system\CodeIgniter.php(502): CodeIgniter\CodeIgniter->runController(Object(App\Controllers\Crud))
#10 C:\xampp\htdocs\crud_in_ci\system\CodeIgniter.php(361): CodeIgniter\CodeIgniter->handleRequest(NULL, Object(Config\Cache), false)
#11 C:\xampp\htdocs\crud_in_ci\public\index.php(79): CodeIgniter\CodeIgniter->run()
#12 {main}
CRITICAL - 2023-12-02 13:20:05 --> Unknown column 'students.id' in 'where clause'
in SYSTEMPATH\Database\BaseConnection.php on line 647.
 1 SYSTEMPATH\Database\BaseBuilder.php(2475): CodeIgniter\Database\BaseConnection->query('UPDATE `students` SET `urn` = :urn:, `name` = :name:, `branch` = :branch:
WHERE `students`.`id` IN :students.id:', [...], false)
 2 SYSTEMPATH\Model.php(385): CodeIgniter\Database\BaseBuilder->update()
 3 SYSTEMPATH\BaseModel.php(949): CodeIgniter\Model->doUpdate([...], [...])
 4 SYSTEMPATH\Model.php(776): CodeIgniter\BaseModel->update([...], [...])
 5 APPPATH\Controllers\Crud.php(44): CodeIgniter\Model->update('2121141', [...])
 6 SYSTEMPATH\CodeIgniter.php(942): App\Controllers\Crud->update('2121141')
 7 SYSTEMPATH\CodeIgniter.php(502): CodeIgniter\CodeIgniter->runController(Object(App\Controllers\Crud))
 8 SYSTEMPATH\CodeIgniter.php(361): CodeIgniter\CodeIgniter->handleRequest(null, Object(Config\Cache), false)
 9 FCPATH\index.php(79): CodeIgniter\CodeIgniter->run()
ERROR - 2023-12-02 13:21:45 --> mysqli_sql_exception: Unknown column 'students.id' in 'where clause' in C:\xampp\htdocs\crud_in_ci\system\Database\MySQLi\Connection.php:306
Stack trace:
#0 C:\xampp\htdocs\crud_in_ci\system\Database\MySQLi\Connection.php(306): mysqli->query('UPDATE `student...', 0)
#1 C:\xampp\htdocs\crud_in_ci\system\Database\BaseConnection.php(693): CodeIgniter\Database\MySQLi\Connection->execute('UPDATE `student...')
#2 C:\xampp\htdocs\crud_in_ci\system\Database\BaseConnection.php(607): CodeIgniter\Database\BaseConnection->simpleQuery('UPDATE `student...')
#3 C:\xampp\htdocs\crud_in_ci\system\Database\BaseBuilder.php(2475): CodeIgniter\Database\BaseConnection->query('UPDATE `student...', Array, false)
#4 C:\xampp\htdocs\crud_in_ci\system\Model.php(385): CodeIgniter\Database\BaseBuilder->update()
#5 C:\xampp\htdocs\crud_in_ci\system\BaseModel.php(949): CodeIgniter\Model->doUpdate(Array, Array)
#6 C:\xampp\htdocs\crud_in_ci\system\Model.php(776): CodeIgniter\BaseModel->update(Array, Array)
#7 C:\xampp\htdocs\crud_in_ci\app\Controllers\Crud.php(44): CodeIgniter\Model->update('2121141', Array)
#8 C:\xampp\htdocs\crud_in_ci\system\CodeIgniter.php(942): App\Controllers\Crud->update('2121141')
#9 C:\xampp\htdocs\crud_in_ci\system\CodeIgniter.php(502): CodeIgniter\CodeIgniter->runController(Object(App\Controllers\Crud))
#10 C:\xampp\htdocs\crud_in_ci\system\CodeIgniter.php(361): CodeIgniter\CodeIgniter->handleRequest(NULL, Object(Config\Cache), false)
#11 C:\xampp\htdocs\crud_in_ci\public\index.php(79): CodeIgniter\CodeIgniter->run()
#12 {main}
CRITICAL - 2023-12-02 13:21:45 --> Unknown column 'students.id' in 'where clause'
in SYSTEMPATH\Database\BaseConnection.php on line 647.
 1 SYSTEMPATH\Database\BaseBuilder.php(2475): CodeIgniter\Database\BaseConnection->query('UPDATE `students` SET `urn` = :urn:, `name` = :name:, `branch` = :branch:
WHERE `students`.`id` IN :students.id:', [...], false)
 2 SYSTEMPATH\Model.php(385): CodeIgniter\Database\BaseBuilder->update()
 3 SYSTEMPATH\BaseModel.php(949): CodeIgniter\Model->doUpdate([...], [...])
 4 SYSTEMPATH\Model.php(776): CodeIgniter\BaseModel->update([...], [...])
 5 APPPATH\Controllers\Crud.php(44): CodeIgniter\Model->update('2121141', [...])
 6 SYSTEMPATH\CodeIgniter.php(942): App\Controllers\Crud->update('2121141')
 7 SYSTEMPATH\CodeIgniter.php(502): CodeIgniter\CodeIgniter->runController(Object(App\Controllers\Crud))
 8 SYSTEMPATH\CodeIgniter.php(361): CodeIgniter\CodeIgniter->handleRequest(null, Object(Config\Cache), false)
 9 FCPATH\index.php(79): CodeIgniter\CodeIgniter->run()
CRITICAL - 2023-12-02 13:23:57 --> CodeIgniter\BaseModel::replace(): Argument #1 ($data) must be of type ?array, string given, called in C:\xampp\htdocs\crud_in_ci\app\Controllers\Crud.php on line 44
in SYSTEMPATH\BaseModel.php on line 1144.
 1 APPPATH\Controllers\Crud.php(44): CodeIgniter\BaseModel->replace('2121141', [...])
 2 SYSTEMPATH\CodeIgniter.php(942): App\Controllers\Crud->update('2121141')
 3 SYSTEMPATH\CodeIgniter.php(502): CodeIgniter\CodeIgniter->runController(Object(App\Controllers\Crud))
 4 SYSTEMPATH\CodeIgniter.php(361): CodeIgniter\CodeIgniter->handleRequest(null, Object(Config\Cache), false)
 5 FCPATH\index.php(79): CodeIgniter\CodeIgniter->run()
CRITICAL - 2023-12-02 13:25:50 --> Undefined variable $builder
in APPPATH\Controllers\Crud.php on line 45.
 1 APPPATH\Controllers\Crud.php(45): CodeIgniter\Debug\Exceptions->errorHandler(2, 'Undefined variable $builder', 'C:\\xampp\\htdocs\\crud_in_ci\\app\\Controllers\\Crud.php', 45)
 2 SYSTEMPATH\CodeIgniter.php(942): App\Controllers\Crud->update('2121141')
 3 SYSTEMPATH\CodeIgniter.php(502): CodeIgniter\CodeIgniter->runController(Object(App\Controllers\Crud))
 4 SYSTEMPATH\CodeIgniter.php(361): CodeIgniter\CodeIgniter->handleRequest(null, Object(Config\Cache), false)
 5 FCPATH\index.php(79): CodeIgniter\CodeIgniter->run()
CRITICAL - 2023-12-02 13:26:20 --> There is no data to update.
in SYSTEMPATH\BaseModel.php on line 1726.
 1 SYSTEMPATH\BaseModel.php(1726): CodeIgniter\Database\Exceptions\DataException::forEmptyDataset('update')
 2 SYSTEMPATH\BaseModel.php(916): CodeIgniter\BaseModel->transformDataToArray(null, 'update')
 3 SYSTEMPATH\Model.php(776): CodeIgniter\BaseModel->update([...], null)
 4 APPPATH\Controllers\Crud.php(46): CodeIgniter\Model->update([...])
 5 SYSTEMPATH\CodeIgniter.php(942): App\Controllers\Crud->update('2121141')
 6 SYSTEMPATH\CodeIgniter.php(502): CodeIgniter\CodeIgniter->runController(Object(App\Controllers\Crud))
 7 SYSTEMPATH\CodeIgniter.php(361): CodeIgniter\CodeIgniter->handleRequest(null, Object(Config\Cache), false)
 8 FCPATH\index.php(79): CodeIgniter\CodeIgniter->run()
CRITICAL - 2023-12-02 13:26:33 --> There is no data to update.
in SYSTEMPATH\BaseModel.php on line 1726.
 1 SYSTEMPATH\BaseModel.php(1726): CodeIgniter\Database\Exceptions\DataException::forEmptyDataset('update')
 2 SYSTEMPATH\BaseModel.php(916): CodeIgniter\BaseModel->transformDataToArray(null, 'update')
 3 SYSTEMPATH\Model.php(776): CodeIgniter\BaseModel->update([...], null)
 4 APPPATH\Controllers\Crud.php(46): CodeIgniter\Model->update([...])
 5 SYSTEMPATH\CodeIgniter.php(942): App\Controllers\Crud->update('2121150')
 6 SYSTEMPATH\CodeIgniter.php(502): CodeIgniter\CodeIgniter->runController(Object(App\Controllers\Crud))
 7 SYSTEMPATH\CodeIgniter.php(361): CodeIgniter\CodeIgniter->handleRequest(null, Object(Config\Cache), false)
 8 FCPATH\index.php(79): CodeIgniter\CodeIgniter->run()
ERROR - 2023-12-02 13:27:45 --> mysqli_sql_exception: Unknown column 'students.id' in 'where clause' in C:\xampp\htdocs\crud_in_ci\system\Database\MySQLi\Connection.php:306
Stack trace:
#0 C:\xampp\htdocs\crud_in_ci\system\Database\MySQLi\Connection.php(306): mysqli->query('UPDATE `student...', 0)
#1 C:\xampp\htdocs\crud_in_ci\system\Database\BaseConnection.php(693): CodeIgniter\Database\MySQLi\Connection->execute('UPDATE `student...')
#2 C:\xampp\htdocs\crud_in_ci\system\Database\BaseConnection.php(607): CodeIgniter\Database\BaseConnection->simpleQuery('UPDATE `student...')
#3 C:\xampp\htdocs\crud_in_ci\system\Database\BaseBuilder.php(2475): CodeIgniter\Database\BaseConnection->query('UPDATE `student...', Array, false)
#4 C:\xampp\htdocs\crud_in_ci\system\Model.php(385): CodeIgniter\Database\BaseBuilder->update()
#5 C:\xampp\htdocs\crud_in_ci\system\BaseModel.php(949): CodeIgniter\Model->doUpdate(Array, Array)
#6 C:\xampp\htdocs\crud_in_ci\system\Model.php(776): CodeIgniter\BaseModel->update(Array, Array)
#7 C:\xampp\htdocs\crud_in_ci\app\Controllers\Crud.php(44): CodeIgniter\Model->update('2121150', Array)
#8 C:\xampp\htdocs\crud_in_ci\system\CodeIgniter.php(942): App\Controllers\Crud->update('2121150')
#9 C:\xampp\htdocs\crud_in_ci\system\CodeIgniter.php(502): CodeIgniter\CodeIgniter->runController(Object(App\Controllers\Crud))
#10 C:\xampp\htdocs\crud_in_ci\system\CodeIgniter.php(361): CodeIgniter\CodeIgniter->handleRequest(NULL, Object(Config\Cache), false)
#11 C:\xampp\htdocs\crud_in_ci\public\index.php(79): CodeIgniter\CodeIgniter->run()
#12 {main}
CRITICAL - 2023-12-02 13:27:45 --> Unknown column 'students.id' in 'where clause'
in SYSTEMPATH\Database\BaseConnection.php on line 647.
 1 SYSTEMPATH\Database\BaseBuilder.php(2475): CodeIgniter\Database\BaseConnection->query('UPDATE `students` SET `urn` = :urn:, `name` = :name:, `branch` = :branch:
WHERE `students`.`id` IN :students.id:', [...], false)
 2 SYSTEMPATH\Model.php(385): CodeIgniter\Database\BaseBuilder->update()
 3 SYSTEMPATH\BaseModel.php(949): CodeIgniter\Model->doUpdate([...], [...])
 4 SYSTEMPATH\Model.php(776): CodeIgniter\BaseModel->update([...], [...])
 5 APPPATH\Controllers\Crud.php(44): CodeIgniter\Model->update('2121150', [...])
 6 SYSTEMPATH\CodeIgniter.php(942): App\Controllers\Crud->update('2121150')
 7 SYSTEMPATH\CodeIgniter.php(502): CodeIgniter\CodeIgniter->runController(Object(App\Controllers\Crud))
 8 SYSTEMPATH\CodeIgniter.php(361): CodeIgniter\CodeIgniter->handleRequest(null, Object(Config\Cache), false)
 9 FCPATH\index.php(79): CodeIgniter\CodeIgniter->run()
ERROR - 2023-12-02 13:30:38 --> mysqli_sql_exception: Unknown column 'students.id' in 'where clause' in C:\xampp\htdocs\crud_in_ci\system\Database\MySQLi\Connection.php:306
Stack trace:
#0 C:\xampp\htdocs\crud_in_ci\system\Database\MySQLi\Connection.php(306): mysqli->query('UPDATE `student...', 0)
#1 C:\xampp\htdocs\crud_in_ci\system\Database\BaseConnection.php(693): CodeIgniter\Database\MySQLi\Connection->execute('UPDATE `student...')
#2 C:\xampp\htdocs\crud_in_ci\system\Database\BaseConnection.php(607): CodeIgniter\Database\BaseConnection->simpleQuery('UPDATE `student...')
#3 C:\xampp\htdocs\crud_in_ci\system\Database\BaseBuilder.php(2475): CodeIgniter\Database\BaseConnection->query('UPDATE `student...', Array, false)
#4 C:\xampp\htdocs\crud_in_ci\system\Model.php(385): CodeIgniter\Database\BaseBuilder->update()
#5 C:\xampp\htdocs\crud_in_ci\system\BaseModel.php(949): CodeIgniter\Model->doUpdate(Array, Array)
#6 C:\xampp\htdocs\crud_in_ci\system\Model.php(776): CodeIgniter\BaseModel->update(Array, Array)
#7 C:\xampp\htdocs\crud_in_ci\app\Controllers\Crud.php(45): CodeIgniter\Model->update('2121150', Array)
#8 C:\xampp\htdocs\crud_in_ci\system\CodeIgniter.php(942): App\Controllers\Crud->update('')
#9 C:\xampp\htdocs\crud_in_ci\system\CodeIgniter.php(502): CodeIgniter\CodeIgniter->runController(Object(App\Controllers\Crud))
#10 C:\xampp\htdocs\crud_in_ci\system\CodeIgniter.php(361): CodeIgniter\CodeIgniter->handleRequest(NULL, Object(Config\Cache), false)
#11 C:\xampp\htdocs\crud_in_ci\public\index.php(79): CodeIgniter\CodeIgniter->run()
#12 {main}
CRITICAL - 2023-12-02 13:30:38 --> Unknown column 'students.id' in 'where clause'
in SYSTEMPATH\Database\BaseConnection.php on line 647.
 1 SYSTEMPATH\Database\BaseBuilder.php(2475): CodeIgniter\Database\BaseConnection->query('UPDATE `students` SET `urn` = :urn:, `name` = :name:, `branch` = :branch:
WHERE `students`.`id` IN :students.id:', [...], false)
 2 SYSTEMPATH\Model.php(385): CodeIgniter\Database\BaseBuilder->update()
 3 SYSTEMPATH\BaseModel.php(949): CodeIgniter\Model->doUpdate([...], [...])
 4 SYSTEMPATH\Model.php(776): CodeIgniter\BaseModel->update([...], [...])
 5 APPPATH\Controllers\Crud.php(45): CodeIgniter\Model->update('2121150', [...])
 6 SYSTEMPATH\CodeIgniter.php(942): App\Controllers\Crud->update('')
 7 SYSTEMPATH\CodeIgniter.php(502): CodeIgniter\CodeIgniter->runController(Object(App\Controllers\Crud))
 8 SYSTEMPATH\CodeIgniter.php(361): CodeIgniter\CodeIgniter->handleRequest(null, Object(Config\Cache), false)
 9 FCPATH\index.php(79): CodeIgniter\CodeIgniter->run()
ERROR - 2023-12-02 13:30:48 --> mysqli_sql_exception: Unknown column 'students.id' in 'where clause' in C:\xampp\htdocs\crud_in_ci\system\Database\MySQLi\Connection.php:306
Stack trace:
#0 C:\xampp\htdocs\crud_in_ci\system\Database\MySQLi\Connection.php(306): mysqli->query('UPDATE `student...', 0)
#1 C:\xampp\htdocs\crud_in_ci\system\Database\BaseConnection.php(693): CodeIgniter\Database\MySQLi\Connection->execute('UPDATE `student...')
#2 C:\xampp\htdocs\crud_in_ci\system\Database\BaseConnection.php(607): CodeIgniter\Database\BaseConnection->simpleQuery('UPDATE `student...')
#3 C:\xampp\htdocs\crud_in_ci\system\Database\BaseBuilder.php(2475): CodeIgniter\Database\BaseConnection->query('UPDATE `student...', Array, false)
#4 C:\xampp\htdocs\crud_in_ci\system\Model.php(385): CodeIgniter\Database\BaseBuilder->update()
#5 C:\xampp\htdocs\crud_in_ci\system\BaseModel.php(949): CodeIgniter\Model->doUpdate(Array, Array)
#6 C:\xampp\htdocs\crud_in_ci\system\Model.php(776): CodeIgniter\BaseModel->update(Array, Array)
#7 C:\xampp\htdocs\crud_in_ci\app\Controllers\Crud.php(45): CodeIgniter\Model->update('2121150', Array)
#8 C:\xampp\htdocs\crud_in_ci\system\CodeIgniter.php(942): App\Controllers\Crud->update('')
#9 C:\xampp\htdocs\crud_in_ci\system\CodeIgniter.php(502): CodeIgniter\CodeIgniter->runController(Object(App\Controllers\Crud))
#10 C:\xampp\htdocs\crud_in_ci\system\CodeIgniter.php(361): CodeIgniter\CodeIgniter->handleRequest(NULL, Object(Config\Cache), false)
#11 C:\xampp\htdocs\crud_in_ci\public\index.php(79): CodeIgniter\CodeIgniter->run()
#12 {main}
CRITICAL - 2023-12-02 13:30:48 --> Unknown column 'students.id' in 'where clause'
in SYSTEMPATH\Database\BaseConnection.php on line 647.
 1 SYSTEMPATH\Database\BaseBuilder.php(2475): CodeIgniter\Database\BaseConnection->query('UPDATE `students` SET `urn` = :urn:, `name` = :name:, `branch` = :branch:
WHERE `students`.`id` IN :students.id:', [...], false)
 2 SYSTEMPATH\Model.php(385): CodeIgniter\Database\BaseBuilder->update()
 3 SYSTEMPATH\BaseModel.php(949): CodeIgniter\Model->doUpdate([...], [...])
 4 SYSTEMPATH\Model.php(776): CodeIgniter\BaseModel->update([...], [...])
 5 APPPATH\Controllers\Crud.php(45): CodeIgniter\Model->update('2121150', [...])
 6 SYSTEMPATH\CodeIgniter.php(942): App\Controllers\Crud->update('')
 7 SYSTEMPATH\CodeIgniter.php(502): CodeIgniter\CodeIgniter->runController(Object(App\Controllers\Crud))
 8 SYSTEMPATH\CodeIgniter.php(361): CodeIgniter\CodeIgniter->handleRequest(null, Object(Config\Cache), false)
 9 FCPATH\index.php(79): CodeIgniter\CodeIgniter->run()
CRITICAL - 2023-12-02 13:31:09 --> Array to string conversion
in APPPATH\Controllers\Crud.php on line 47.
 1 APPPATH\Controllers\Crud.php(47): CodeIgniter\Debug\Exceptions->errorHandler(2, 'Array to string conversion', 'C:\\xampp\\htdocs\\crud_in_ci\\app\\Controllers\\Crud.php', 47)
 2 SYSTEMPATH\CodeIgniter.php(942): App\Controllers\Crud->update('')
 3 SYSTEMPATH\CodeIgniter.php(502): CodeIgniter\CodeIgniter->runController(Object(App\Controllers\Crud))
 4 SYSTEMPATH\CodeIgniter.php(361): CodeIgniter\CodeIgniter->handleRequest(null, Object(Config\Cache), false)
 5 FCPATH\index.php(79): CodeIgniter\CodeIgniter->run()
CRITICAL - 2023-12-02 13:37:33 --> Undefined property: App\Controllers\Crud::$model
in APPPATH\Controllers\Crud.php on line 46.
 1 APPPATH\Controllers\Crud.php(46): CodeIgniter\Debug\Exceptions->errorHandler(2, 'Undefined property: App\\Controllers\\Crud::$model', 'C:\\xampp\\htdocs\\crud_in_ci\\app\\Controllers\\Crud.php', 46)
 2 SYSTEMPATH\CodeIgniter.php(942): App\Controllers\Crud->update('2121141')
 3 SYSTEMPATH\CodeIgniter.php(502): CodeIgniter\CodeIgniter->runController(Object(App\Controllers\Crud))
 4 SYSTEMPATH\CodeIgniter.php(361): CodeIgniter\CodeIgniter->handleRequest(null, Object(Config\Cache), false)
 5 FCPATH\index.php(79): CodeIgniter\CodeIgniter->run()
ERROR - 2023-12-02 13:38:06 --> mysqli_sql_exception: Unknown column 'students.id' in 'where clause' in C:\xampp\htdocs\crud_in_ci\system\Database\MySQLi\Connection.php:306
Stack trace:
#0 C:\xampp\htdocs\crud_in_ci\system\Database\MySQLi\Connection.php(306): mysqli->query('UPDATE `student...', 0)
#1 C:\xampp\htdocs\crud_in_ci\system\Database\BaseConnection.php(693): CodeIgniter\Database\MySQLi\Connection->execute('UPDATE `student...')
#2 C:\xampp\htdocs\crud_in_ci\system\Database\BaseConnection.php(607): CodeIgniter\Database\BaseConnection->simpleQuery('UPDATE `student...')
#3 C:\xampp\htdocs\crud_in_ci\system\Database\BaseBuilder.php(2475): CodeIgniter\Database\BaseConnection->query('UPDATE `student...', Array, false)
#4 C:\xampp\htdocs\crud_in_ci\system\Model.php(385): CodeIgniter\Database\BaseBuilder->update()
#5 C:\xampp\htdocs\crud_in_ci\system\BaseModel.php(949): CodeIgniter\Model->doUpdate(Array, Array)
#6 C:\xampp\htdocs\crud_in_ci\system\Model.php(776): CodeIgniter\BaseModel->update(Array, Array)
#7 C:\xampp\htdocs\crud_in_ci\app\Controllers\Crud.php(46): CodeIgniter\Model->update('2121141', Array)
#8 C:\xampp\htdocs\crud_in_ci\system\CodeIgniter.php(942): App\Controllers\Crud->update('2121141')
#9 C:\xampp\htdocs\crud_in_ci\system\CodeIgniter.php(502): CodeIgniter\CodeIgniter->runController(Object(App\Controllers\Crud))
#10 C:\xampp\htdocs\crud_in_ci\system\CodeIgniter.php(361): CodeIgniter\CodeIgniter->handleRequest(NULL, Object(Config\Cache), false)
#11 C:\xampp\htdocs\crud_in_ci\public\index.php(79): CodeIgniter\CodeIgniter->run()
#12 {main}
CRITICAL - 2023-12-02 13:38:06 --> Unknown column 'students.id' in 'where clause'
in SYSTEMPATH\Database\BaseConnection.php on line 647.
 1 SYSTEMPATH\Database\BaseBuilder.php(2475): CodeIgniter\Database\BaseConnection->query('UPDATE `students` SET `urn` = :urn:, `name` = :name:, `branch` = :branch:
WHERE `students`.`id` IN :students.id:', [...], false)
 2 SYSTEMPATH\Model.php(385): CodeIgniter\Database\BaseBuilder->update()
 3 SYSTEMPATH\BaseModel.php(949): CodeIgniter\Model->doUpdate([...], [...])
 4 SYSTEMPATH\Model.php(776): CodeIgniter\BaseModel->update([...], [...])
 5 APPPATH\Controllers\Crud.php(46): CodeIgniter\Model->update('2121141', [...])
 6 SYSTEMPATH\CodeIgniter.php(942): App\Controllers\Crud->update('2121141')
 7 SYSTEMPATH\CodeIgniter.php(502): CodeIgniter\CodeIgniter->runController(Object(App\Controllers\Crud))
 8 SYSTEMPATH\CodeIgniter.php(361): CodeIgniter\CodeIgniter->handleRequest(null, Object(Config\Cache), false)
 9 FCPATH\index.php(79): CodeIgniter\CodeIgniter->run()
ERROR - 2023-12-02 15:57:41 --> mysqli_sql_exception: Unknown column 'students.id' in 'where clause' in C:\xampp\htdocs\crud_in_ci\system\Database\MySQLi\Connection.php:306
Stack trace:
#0 C:\xampp\htdocs\crud_in_ci\system\Database\MySQLi\Connection.php(306): mysqli->query('UPDATE `student...', 0)
#1 C:\xampp\htdocs\crud_in_ci\system\Database\BaseConnection.php(693): CodeIgniter\Database\MySQLi\Connection->execute('UPDATE `student...')
#2 C:\xampp\htdocs\crud_in_ci\system\Database\BaseConnection.php(607): CodeIgniter\Database\BaseConnection->simpleQuery('UPDATE `student...')
#3 C:\xampp\htdocs\crud_in_ci\system\Database\BaseBuilder.php(2475): CodeIgniter\Database\BaseConnection->query('UPDATE `student...', Array, false)
#4 C:\xampp\htdocs\crud_in_ci\system\Model.php(385): CodeIgniter\Database\BaseBuilder->update()
#5 C:\xampp\htdocs\crud_in_ci\system\BaseModel.php(949): CodeIgniter\Model->doUpdate(Array, Array)
#6 C:\xampp\htdocs\crud_in_ci\system\Model.php(776): CodeIgniter\BaseModel->update(Array, Array)
#7 C:\xampp\htdocs\crud_in_ci\app\Controllers\Crud.php(44): CodeIgniter\Model->update('2121444', Array)
#8 C:\xampp\htdocs\crud_in_ci\system\CodeIgniter.php(942): App\Controllers\Crud->update('2121444')
#9 C:\xampp\htdocs\crud_in_ci\system\CodeIgniter.php(502): CodeIgniter\CodeIgniter->runController(Object(App\Controllers\Crud))
#10 C:\xampp\htdocs\crud_in_ci\system\CodeIgniter.php(361): CodeIgniter\CodeIgniter->handleRequest(NULL, Object(Config\Cache), false)
#11 C:\xampp\htdocs\crud_in_ci\public\index.php(79): CodeIgniter\CodeIgniter->run()
#12 {main}
CRITICAL - 2023-12-02 15:57:41 --> Unknown column 'students.id' in 'where clause'
in SYSTEMPATH\Database\BaseConnection.php on line 647.
 1 SYSTEMPATH\Database\BaseBuilder.php(2475): CodeIgniter\Database\BaseConnection->query('UPDATE `students` SET `urn` = :urn:, `name` = :name:, `branch` = :branch:
WHERE `students`.`id` IN :students.id:', [...], false)
 2 SYSTEMPATH\Model.php(385): CodeIgniter\Database\BaseBuilder->update()
 3 SYSTEMPATH\BaseModel.php(949): CodeIgniter\Model->doUpdate([...], [...])
 4 SYSTEMPATH\Model.php(776): CodeIgniter\BaseModel->update([...], [...])
 5 APPPATH\Controllers\Crud.php(44): CodeIgniter\Model->update('2121444', [...])
 6 SYSTEMPATH\CodeIgniter.php(942): App\Controllers\Crud->update('2121444')
 7 SYSTEMPATH\CodeIgniter.php(502): CodeIgniter\CodeIgniter->runController(Object(App\Controllers\Crud))
 8 SYSTEMPATH\CodeIgniter.php(361): CodeIgniter\CodeIgniter->handleRequest(null, Object(Config\Cache), false)
 9 FCPATH\index.php(79): CodeIgniter\CodeIgniter->run()
ERROR - 2023-12-02 16:10:58 --> mysqli_sql_exception: Unknown column 'students.id' in 'where clause' in C:\xampp\htdocs\crud_in_ci\system\Database\MySQLi\Connection.php:306
Stack trace:
#0 C:\xampp\htdocs\crud_in_ci\system\Database\MySQLi\Connection.php(306): mysqli->query('UPDATE `student...', 0)
#1 C:\xampp\htdocs\crud_in_ci\system\Database\BaseConnection.php(693): CodeIgniter\Database\MySQLi\Connection->execute('UPDATE `student...')
#2 C:\xampp\htdocs\crud_in_ci\system\Database\BaseConnection.php(607): CodeIgniter\Database\BaseConnection->simpleQuery('UPDATE `student...')
#3 C:\xampp\htdocs\crud_in_ci\system\Database\BaseBuilder.php(2475): CodeIgniter\Database\BaseConnection->query('UPDATE `student...', Array, false)
#4 C:\xampp\htdocs\crud_in_ci\system\Model.php(385): CodeIgniter\Database\BaseBuilder->update()
#5 C:\xampp\htdocs\crud_in_ci\system\BaseModel.php(949): CodeIgniter\Model->doUpdate(Array, Array)
#6 C:\xampp\htdocs\crud_in_ci\system\Model.php(776): CodeIgniter\BaseModel->update(Array, Array)
#7 C:\xampp\htdocs\crud_in_ci\app\Controllers\Crud.php(46): CodeIgniter\Model->update('2121133', Array)
#8 C:\xampp\htdocs\crud_in_ci\system\CodeIgniter.php(942): App\Controllers\Crud->update()
#9 C:\xampp\htdocs\crud_in_ci\system\CodeIgniter.php(502): CodeIgniter\CodeIgniter->runController(Object(App\Controllers\Crud))
#10 C:\xampp\htdocs\crud_in_ci\system\CodeIgniter.php(361): CodeIgniter\CodeIgniter->handleRequest(NULL, Object(Config\Cache), false)
#11 C:\xampp\htdocs\crud_in_ci\public\index.php(79): CodeIgniter\CodeIgniter->run()
#12 {main}
CRITICAL - 2023-12-02 16:10:58 --> Unknown column 'students.id' in 'where clause'
in SYSTEMPATH\Database\BaseConnection.php on line 647.
 1 SYSTEMPATH\Database\BaseBuilder.php(2475): CodeIgniter\Database\BaseConnection->query('UPDATE `students` SET `urn` = :urn:, `name` = :name:, `branch` = :branch:
WHERE `students`.`id` IN :students.id:', [...], false)
 2 SYSTEMPATH\Model.php(385): CodeIgniter\Database\BaseBuilder->update()
 3 SYSTEMPATH\BaseModel.php(949): CodeIgniter\Model->doUpdate([...], [...])
 4 SYSTEMPATH\Model.php(776): CodeIgniter\BaseModel->update([...], [...])
 5 APPPATH\Controllers\Crud.php(46): CodeIgniter\Model->update('2121133', [...])
 6 SYSTEMPATH\CodeIgniter.php(942): App\Controllers\Crud->update()
 7 SYSTEMPATH\CodeIgniter.php(502): CodeIgniter\CodeIgniter->runController(Object(App\Controllers\Crud))
 8 SYSTEMPATH\CodeIgniter.php(361): CodeIgniter\CodeIgniter->handleRequest(null, Object(Config\Cache), false)
 9 FCPATH\index.php(79): CodeIgniter\CodeIgniter->run()
ERROR - 2023-12-02 16:30:01 --> mysqli_sql_exception: Unknown column 'students.id' in 'where clause' in C:\xampp\htdocs\crud_in_ci\system\Database\MySQLi\Connection.php:306
Stack trace:
#0 C:\xampp\htdocs\crud_in_ci\system\Database\MySQLi\Connection.php(306): mysqli->query('UPDATE `student...', 0)
#1 C:\xampp\htdocs\crud_in_ci\system\Database\BaseConnection.php(693): CodeIgniter\Database\MySQLi\Connection->execute('UPDATE `student...')
#2 C:\xampp\htdocs\crud_in_ci\system\Database\BaseConnection.php(607): CodeIgniter\Database\BaseConnection->simpleQuery('UPDATE `student...')
#3 C:\xampp\htdocs\crud_in_ci\system\Database\BaseBuilder.php(2475): CodeIgniter\Database\BaseConnection->query('UPDATE `student...', Array, false)
#4 C:\xampp\htdocs\crud_in_ci\system\Model.php(385): CodeIgniter\Database\BaseBuilder->update()
#5 C:\xampp\htdocs\crud_in_ci\system\BaseModel.php(949): CodeIgniter\Model->doUpdate(Array, Array)
#6 C:\xampp\htdocs\crud_in_ci\system\Model.php(776): CodeIgniter\BaseModel->update(Array, Array)
#7 C:\xampp\htdocs\crud_in_ci\app\Controllers\Crud.php(45): CodeIgniter\Model->update('2121444', Array)
#8 C:\xampp\htdocs\crud_in_ci\system\CodeIgniter.php(942): App\Controllers\Crud->update()
#9 C:\xampp\htdocs\crud_in_ci\system\CodeIgniter.php(502): CodeIgniter\CodeIgniter->runController(Object(App\Controllers\Crud))
#10 C:\xampp\htdocs\crud_in_ci\system\CodeIgniter.php(361): CodeIgniter\CodeIgniter->handleRequest(NULL, Object(Config\Cache), false)
#11 C:\xampp\htdocs\crud_in_ci\public\index.php(79): CodeIgniter\CodeIgniter->run()
#12 {main}
CRITICAL - 2023-12-02 16:30:01 --> Unknown column 'students.id' in 'where clause'
in SYSTEMPATH\Database\BaseConnection.php on line 647.
 1 SYSTEMPATH\Database\BaseBuilder.php(2475): CodeIgniter\Database\BaseConnection->query('UPDATE `students` SET `urn` = :urn:, `name` = :name:, `branch` = :branch:
WHERE `students`.`id` IN :students.id:', [...], false)
 2 SYSTEMPATH\Model.php(385): CodeIgniter\Database\BaseBuilder->update()
 3 SYSTEMPATH\BaseModel.php(949): CodeIgniter\Model->doUpdate([...], [...])
 4 SYSTEMPATH\Model.php(776): CodeIgniter\BaseModel->update([...], [...])
 5 APPPATH\Controllers\Crud.php(45): CodeIgniter\Model->update('2121444', [...])
 6 SYSTEMPATH\CodeIgniter.php(942): App\Controllers\Crud->update()
 7 SYSTEMPATH\CodeIgniter.php(502): CodeIgniter\CodeIgniter->runController(Object(App\Controllers\Crud))
 8 SYSTEMPATH\CodeIgniter.php(361): CodeIgniter\CodeIgniter->handleRequest(null, Object(Config\Cache), false)
 9 FCPATH\index.php(79): CodeIgniter\CodeIgniter->run()
ERROR - 2023-12-02 16:34:04 --> mysqli_sql_exception: Unknown column 'students.id' in 'where clause' in C:\xampp\htdocs\crud_in_ci\system\Database\MySQLi\Connection.php:306
Stack trace:
#0 C:\xampp\htdocs\crud_in_ci\system\Database\MySQLi\Connection.php(306): mysqli->query('UPDATE `student...', 0)
#1 C:\xampp\htdocs\crud_in_ci\system\Database\BaseConnection.php(693): CodeIgniter\Database\MySQLi\Connection->execute('UPDATE `student...')
#2 C:\xampp\htdocs\crud_in_ci\system\Database\BaseConnection.php(607): CodeIgniter\Database\BaseConnection->simpleQuery('UPDATE `student...')
#3 C:\xampp\htdocs\crud_in_ci\system\Database\BaseBuilder.php(2475): CodeIgniter\Database\BaseConnection->query('UPDATE `student...', Array, false)
#4 C:\xampp\htdocs\crud_in_ci\system\Model.php(385): CodeIgniter\Database\BaseBuilder->update()
#5 C:\xampp\htdocs\crud_in_ci\system\BaseModel.php(949): CodeIgniter\Model->doUpdate(Array, Array)
#6 C:\xampp\htdocs\crud_in_ci\system\Model.php(776): CodeIgniter\BaseModel->update(Array, Array)
#7 C:\xampp\htdocs\crud_in_ci\app\Controllers\Crud.php(45): CodeIgniter\Model->update('2121133', Array)
#8 C:\xampp\htdocs\crud_in_ci\system\CodeIgniter.php(942): App\Controllers\Crud->update()
#9 C:\xampp\htdocs\crud_in_ci\system\CodeIgniter.php(502): CodeIgniter\CodeIgniter->runController(Object(App\Controllers\Crud))
#10 C:\xampp\htdocs\crud_in_ci\system\CodeIgniter.php(361): CodeIgniter\CodeIgniter->handleRequest(NULL, Object(Config\Cache), false)
#11 C:\xampp\htdocs\crud_in_ci\public\index.php(79): CodeIgniter\CodeIgniter->run()
#12 {main}
CRITICAL - 2023-12-02 16:34:04 --> Unknown column 'students.id' in 'where clause'
in SYSTEMPATH\Database\BaseConnection.php on line 647.
 1 SYSTEMPATH\Database\BaseBuilder.php(2475): CodeIgniter\Database\BaseConnection->query('UPDATE `students` SET `urn` = :urn:, `name` = :name:, `branch` = :branch:
WHERE `students`.`id` IN :students.id:', [...], false)
 2 SYSTEMPATH\Model.php(385): CodeIgniter\Database\BaseBuilder->update()
 3 SYSTEMPATH\BaseModel.php(949): CodeIgniter\Model->doUpdate([...], [...])
 4 SYSTEMPATH\Model.php(776): CodeIgniter\BaseModel->update([...], [...])
 5 APPPATH\Controllers\Crud.php(45): CodeIgniter\Model->update('2121133', [...])
 6 SYSTEMPATH\CodeIgniter.php(942): App\Controllers\Crud->update()
 7 SYSTEMPATH\CodeIgniter.php(502): CodeIgniter\CodeIgniter->runController(Object(App\Controllers\Crud))
 8 SYSTEMPATH\CodeIgniter.php(361): CodeIgniter\CodeIgniter->handleRequest(null, Object(Config\Cache), false)
 9 FCPATH\index.php(79): CodeIgniter\CodeIgniter->run()
ERROR - 2023-12-02 16:37:21 --> mysqli_sql_exception: Unknown column 'students.id' in 'where clause' in C:\xampp\htdocs\crud_in_ci\system\Database\MySQLi\Connection.php:306
Stack trace:
#0 C:\xampp\htdocs\crud_in_ci\system\Database\MySQLi\Connection.php(306): mysqli->query('UPDATE `student...', 0)
#1 C:\xampp\htdocs\crud_in_ci\system\Database\BaseConnection.php(693): CodeIgniter\Database\MySQLi\Connection->execute('UPDATE `student...')
#2 C:\xampp\htdocs\crud_in_ci\system\Database\BaseConnection.php(607): CodeIgniter\Database\BaseConnection->simpleQuery('UPDATE `student...')
#3 C:\xampp\htdocs\crud_in_ci\system\Database\BaseBuilder.php(2475): CodeIgniter\Database\BaseConnection->query('UPDATE `student...', Array, false)
#4 C:\xampp\htdocs\crud_in_ci\system\Model.php(385): CodeIgniter\Database\BaseBuilder->update()
#5 C:\xampp\htdocs\crud_in_ci\system\BaseModel.php(949): CodeIgniter\Model->doUpdate(Array, Array)
#6 C:\xampp\htdocs\crud_in_ci\system\Model.php(776): CodeIgniter\BaseModel->update(Array, Array)
#7 C:\xampp\htdocs\crud_in_ci\app\Controllers\Crud.php(45): CodeIgniter\Model->update('2121141', Array)
#8 C:\xampp\htdocs\crud_in_ci\system\CodeIgniter.php(942): App\Controllers\Crud->update()
#9 C:\xampp\htdocs\crud_in_ci\system\CodeIgniter.php(502): CodeIgniter\CodeIgniter->runController(Object(App\Controllers\Crud))
#10 C:\xampp\htdocs\crud_in_ci\system\CodeIgniter.php(361): CodeIgniter\CodeIgniter->handleRequest(NULL, Object(Config\Cache), false)
#11 C:\xampp\htdocs\crud_in_ci\public\index.php(79): CodeIgniter\CodeIgniter->run()
#12 {main}
CRITICAL - 2023-12-02 16:37:21 --> Unknown column 'students.id' in 'where clause'
in SYSTEMPATH\Database\BaseConnection.php on line 647.
 1 SYSTEMPATH\Database\BaseBuilder.php(2475): CodeIgniter\Database\BaseConnection->query('UPDATE `students` SET `urn` = :urn:, `name` = :name:, `branch` = :branch:
WHERE `students`.`id` IN :students.id:', [...], false)
 2 SYSTEMPATH\Model.php(385): CodeIgniter\Database\BaseBuilder->update()
 3 SYSTEMPATH\BaseModel.php(949): CodeIgniter\Model->doUpdate([...], [...])
 4 SYSTEMPATH\Model.php(776): CodeIgniter\BaseModel->update([...], [...])
 5 APPPATH\Controllers\Crud.php(45): CodeIgniter\Model->update('2121141', [...])
 6 SYSTEMPATH\CodeIgniter.php(942): App\Controllers\Crud->update()
 7 SYSTEMPATH\CodeIgniter.php(502): CodeIgniter\CodeIgniter->runController(Object(App\Controllers\Crud))
 8 SYSTEMPATH\CodeIgniter.php(361): CodeIgniter\CodeIgniter->handleRequest(null, Object(Config\Cache), false)
 9 FCPATH\index.php(79): CodeIgniter\CodeIgniter->run()
ERROR - 2023-12-02 16:38:30 --> mysqli_sql_exception: Unknown column 'students.id' in 'where clause' in C:\xampp\htdocs\crud_in_ci\system\Database\MySQLi\Connection.php:306
Stack trace:
#0 C:\xampp\htdocs\crud_in_ci\system\Database\MySQLi\Connection.php(306): mysqli->query('UPDATE `student...', 0)
#1 C:\xampp\htdocs\crud_in_ci\system\Database\BaseConnection.php(693): CodeIgniter\Database\MySQLi\Connection->execute('UPDATE `student...')
#2 C:\xampp\htdocs\crud_in_ci\system\Database\BaseConnection.php(607): CodeIgniter\Database\BaseConnection->simpleQuery('UPDATE `student...')
#3 C:\xampp\htdocs\crud_in_ci\system\Database\BaseBuilder.php(2475): CodeIgniter\Database\BaseConnection->query('UPDATE `student...', Array, false)
#4 C:\xampp\htdocs\crud_in_ci\system\Model.php(385): CodeIgniter\Database\BaseBuilder->update()
#5 C:\xampp\htdocs\crud_in_ci\system\BaseModel.php(949): CodeIgniter\Model->doUpdate(Array, Array)
#6 C:\xampp\htdocs\crud_in_ci\system\Model.php(776): CodeIgniter\BaseModel->update(Array, Array)
#7 C:\xampp\htdocs\crud_in_ci\app\Controllers\Crud.php(45): CodeIgniter\Model->update('2121141', Array)
#8 C:\xampp\htdocs\crud_in_ci\system\CodeIgniter.php(942): App\Controllers\Crud->update()
#9 C:\xampp\htdocs\crud_in_ci\system\CodeIgniter.php(502): CodeIgniter\CodeIgniter->runController(Object(App\Controllers\Crud))
#10 C:\xampp\htdocs\crud_in_ci\system\CodeIgniter.php(361): CodeIgniter\CodeIgniter->handleRequest(NULL, Object(Config\Cache), false)
#11 C:\xampp\htdocs\crud_in_ci\public\index.php(79): CodeIgniter\CodeIgniter->run()
#12 {main}
CRITICAL - 2023-12-02 16:38:30 --> Unknown column 'students.id' in 'where clause'
in SYSTEMPATH\Database\BaseConnection.php on line 647.
 1 SYSTEMPATH\Database\BaseBuilder.php(2475): CodeIgniter\Database\BaseConnection->query('UPDATE `students` SET `urn` = :urn:, `name` = :name:, `branch` = :branch:
WHERE `students`.`id` IN :students.id:', [...], false)
 2 SYSTEMPATH\Model.php(385): CodeIgniter\Database\BaseBuilder->update()
 3 SYSTEMPATH\BaseModel.php(949): CodeIgniter\Model->doUpdate([...], [...])
 4 SYSTEMPATH\Model.php(776): CodeIgniter\BaseModel->update([...], [...])
 5 APPPATH\Controllers\Crud.php(45): CodeIgniter\Model->update('2121141', [...])
 6 SYSTEMPATH\CodeIgniter.php(942): App\Controllers\Crud->update()
 7 SYSTEMPATH\CodeIgniter.php(502): CodeIgniter\CodeIgniter->runController(Object(App\Controllers\Crud))
 8 SYSTEMPATH\CodeIgniter.php(361): CodeIgniter\CodeIgniter->handleRequest(null, Object(Config\Cache), false)
 9 FCPATH\index.php(79): CodeIgniter\CodeIgniter->run()
ERROR - 2023-12-02 16:46:04 --> mysqli_sql_exception: Unknown column 'students.id' in 'where clause' in C:\xampp\htdocs\crud_in_ci\system\Database\MySQLi\Connection.php:306
Stack trace:
#0 C:\xampp\htdocs\crud_in_ci\system\Database\MySQLi\Connection.php(306): mysqli->query('UPDATE `student...', 0)
#1 C:\xampp\htdocs\crud_in_ci\system\Database\BaseConnection.php(693): CodeIgniter\Database\MySQLi\Connection->execute('UPDATE `student...')
#2 C:\xampp\htdocs\crud_in_ci\system\Database\BaseConnection.php(607): CodeIgniter\Database\BaseConnection->simpleQuery('UPDATE `student...')
#3 C:\xampp\htdocs\crud_in_ci\system\Database\BaseBuilder.php(2475): CodeIgniter\Database\BaseConnection->query('UPDATE `student...', Array, false)
#4 C:\xampp\htdocs\crud_in_ci\system\Model.php(385): CodeIgniter\Database\BaseBuilder->update()
#5 C:\xampp\htdocs\crud_in_ci\system\BaseModel.php(949): CodeIgniter\Model->doUpdate(Array, Array)
#6 C:\xampp\htdocs\crud_in_ci\system\Model.php(776): CodeIgniter\BaseModel->update(Array, Array)
#7 C:\xampp\htdocs\crud_in_ci\app\Controllers\Crud.php(45): CodeIgniter\Model->update('2121141', Array)
#8 C:\xampp\htdocs\crud_in_ci\system\CodeIgniter.php(942): App\Controllers\Crud->update()
#9 C:\xampp\htdocs\crud_in_ci\system\CodeIgniter.php(502): CodeIgniter\CodeIgniter->runController(Object(App\Controllers\Crud))
#10 C:\xampp\htdocs\crud_in_ci\system\CodeIgniter.php(361): CodeIgniter\CodeIgniter->handleRequest(NULL, Object(Config\Cache), false)
#11 C:\xampp\htdocs\crud_in_ci\public\index.php(79): CodeIgniter\CodeIgniter->run()
#12 {main}
CRITICAL - 2023-12-02 16:46:04 --> Unknown column 'students.id' in 'where clause'
in SYSTEMPATH\Database\BaseConnection.php on line 647.
 1 SYSTEMPATH\Database\BaseBuilder.php(2475): CodeIgniter\Database\BaseConnection->query('UPDATE `students` SET `urn` = :urn:, `name` = :name:, `branch` = :branch:
WHERE `students`.`id` IN :students.id:', [...], false)
 2 SYSTEMPATH\Model.php(385): CodeIgniter\Database\BaseBuilder->update()
 3 SYSTEMPATH\BaseModel.php(949): CodeIgniter\Model->doUpdate([...], [...])
 4 SYSTEMPATH\Model.php(776): CodeIgniter\BaseModel->update([...], [...])
 5 APPPATH\Controllers\Crud.php(45): CodeIgniter\Model->update('2121141', [...])
 6 SYSTEMPATH\CodeIgniter.php(942): App\Controllers\Crud->update()
 7 SYSTEMPATH\CodeIgniter.php(502): CodeIgniter\CodeIgniter->runController(Object(App\Controllers\Crud))
 8 SYSTEMPATH\CodeIgniter.php(361): CodeIgniter\CodeIgniter->handleRequest(null, Object(Config\Cache), false)
 9 FCPATH\index.php(79): CodeIgniter\CodeIgniter->run()
